;  LST file generated by mikroListExporter - v.2.0 
; Date/Time: 01/02/2022 21:17:29
;----------------------------------------------

;Address Opcode 	ASM
0x0000	0xF004EF18  	GOTO        2096
0x0004	0x0000      	NOP
0x0006	0x0000      	NOP
0x0008	0xF000EF00  	GOTO        0
0x000C	0x0000      	NOP
0x000E	0x0000      	NOP
0x0010	0x0000      	NOP
0x0012	0x0000      	NOP
0x0014	0x0000      	NOP
0x0016	0x0000      	NOP
0x0018	0xD7F3      	BRA         0
_Delay_5500us:
;__Lib_Delays.c,31 :: 		void Delay_5500us() {
;__Lib_Delays.c,32 :: 		Delay_us(5500);
0x001C	0x0E0F      	MOVLW       15
0x001E	0x6E0C      	MOVWF       R12, 0
0x0020	0x0E47      	MOVLW       71
0x0022	0x6E0D      	MOVWF       R13, 0
L_Delay_5500us5:
0x0024	0x2E0D      	DECFSZ      R13, 1, 0
0x0026	0xD7FE      	BRA         L_Delay_5500us5
0x0028	0x2E0C      	DECFSZ      R12, 1, 0
0x002A	0xD7FC      	BRA         L_Delay_5500us5
0x002C	0x0000      	NOP
0x002E	0x0000      	NOP
;__Lib_Delays.c,33 :: 		}
L_end_Delay_5500us:
0x0030	0x0012      	RETURN      0
; end of _Delay_5500us
_Delay_1us:
;__Lib_Delays.c,7 :: 		void Delay_1us() {
;__Lib_Delays.c,8 :: 		Delay_us(1);
0x0032	0x0000      	NOP
0x0034	0x0000      	NOP
;__Lib_Delays.c,9 :: 		}
L_end_Delay_1us:
0x0036	0x0012      	RETURN      0
; end of _Delay_1us
_Delay_50us:
;__Lib_Delays.c,19 :: 		void Delay_50us() {
;__Lib_Delays.c,20 :: 		Delay_us(50);
0x0038	0x0E21      	MOVLW       33
0x003A	0x6E0D      	MOVWF       R13, 0
L_Delay_50us2:
0x003C	0x2E0D      	DECFSZ      R13, 1, 0
0x003E	0xD7FE      	BRA         L_Delay_50us2
;__Lib_Delays.c,21 :: 		}
L_end_Delay_50us:
0x0040	0x0012      	RETURN      0
; end of _Delay_50us
_SETFUN32:
;__Lib_MathDouble.c,144 :: 		
;__Lib_MathDouble.c,152 :: 		
0x0042	0x840B      	BSF         R11, 2, 0
;__Lib_MathDouble.c,153 :: 		
0x0044	0xAE0B      	BTFSS       R11, 7, 0
;__Lib_MathDouble.c,154 :: 		
0x0046	0xF000EF2C  	GOTO        SETFUN32EEE
;__Lib_MathDouble.c,156 :: 		
0x004A	0x0E01      	MOVLW       1
;__Lib_MathDouble.c,157 :: 		
0x004C	0x6E03      	MOVWF       R3, 0
;__Lib_MathDouble.c,158 :: 		
0x004E	0x6A02      	CLRF        R2, 0
;__Lib_MathDouble.c,159 :: 		
0x0050	0x6A01      	CLRF        R1, 0
;__Lib_MathDouble.c,160 :: 		
0x0052	0x6A00      	CLRF        R0, 0
;__Lib_MathDouble.c,161 :: 		
0x0054	0x360A      	RLCF        R10, 1, 0
;__Lib_MathDouble.c,162 :: 		
0x0056	0x3202      	RRCF        R2, 1, 0
;__Lib_MathDouble.c,163 :: 		
SETFUN32EEE:
;__Lib_MathDouble.c,164 :: 		
0x0058	0x0EFF      	MOVLW       255
;__Lib_MathDouble.c,166 :: 		
L_end_SETFUN32:
0x005A	0x0012      	RETURN      0
; end of _SETFUN32
_Div_16X16_U:
;__Lib_Math.c,102 :: 		
;__Lib_Math.c,109 :: 		
0x005C	0x6A08      	CLRF        R8, 0
;__Lib_Math.c,110 :: 		
0x005E	0x6A09      	CLRF        R9, 0
;__Lib_Math.c,111 :: 		
0x0060	0x0E10      	MOVLW       16
;__Lib_Math.c,112 :: 		
0x0062	0x6E0C      	MOVWF       R12, 0
;__Lib_Math.c,113 :: 		
0x0064	0x3401      	RLCF        R1, 0, 0
;__Lib_Math.c,114 :: 		
0x0066	0x3608      	RLCF        R8, 1, 0
;__Lib_Math.c,115 :: 		
0x0068	0x3609      	RLCF        R9, 1, 0
;__Lib_Math.c,116 :: 		
0x006A	0x5004      	MOVF        R4, 0, 0
;__Lib_Math.c,117 :: 		
0x006C	0x5E08      	SUBWF       R8, 1, 0
;__Lib_Math.c,118 :: 		
0x006E	0x5005      	MOVF        R5, 0, 0
;__Lib_Math.c,119 :: 		
0x0070	0xA0D8      	BTFSS       STATUS, 0, 0
;__Lib_Math.c,120 :: 		
0x0072	0x3C05      	INCFSZ      R5, 0, 0
;__Lib_Math.c,121 :: 		
0x0074	0x5E09      	SUBWF       R9, 1, 0
;__Lib_Math.c,122 :: 		
0x0076	0xB0D8      	BTFSC       STATUS, 0, 0
;__Lib_Math.c,123 :: 		
0x0078	0xD007      	BRA         $+16
;__Lib_Math.c,124 :: 		
0x007A	0x5004      	MOVF        R4, 0, 0
;__Lib_Math.c,125 :: 		
0x007C	0x2608      	ADDWF       R8, 1, 0
;__Lib_Math.c,126 :: 		
0x007E	0x5005      	MOVF        R5, 0, 0
;__Lib_Math.c,127 :: 		
0x0080	0xB0D8      	BTFSC       STATUS, 0, 0
;__Lib_Math.c,128 :: 		
0x0082	0x3C05      	INCFSZ      R5, 0, 0
;__Lib_Math.c,129 :: 		
0x0084	0x2609      	ADDWF       R9, 1, 0
;__Lib_Math.c,130 :: 		
0x0086	0x90D8      	BCF         STATUS, 0, 0
;__Lib_Math.c,131 :: 		
0x0088	0x3600      	RLCF        R0, 1, 0
;__Lib_Math.c,132 :: 		
0x008A	0x3601      	RLCF        R1, 1, 0
;__Lib_Math.c,133 :: 		
0x008C	0x2E0C      	DECFSZ      R12, 1, 0
;__Lib_Math.c,134 :: 		
0x008E	0xD7EA      	BRA         $-42
;__Lib_Math.c,136 :: 		
L_end_Div_16X16_U:
0x0090	0x0012      	RETURN      0
; end of _Div_16X16_U
_FIXSIGN32:
;__Lib_MathDouble.c,117 :: 		
;__Lib_MathDouble.c,121 :: 		
0x0092	0xAE0A      	BTFSS       R10, 7, 0
;__Lib_MathDouble.c,122 :: 		
0x0094	0x9E02      	BCF         R2, 7, 0
;__Lib_MathDouble.c,123 :: 		
0x0096	0x0E00      	MOVLW       0
;__Lib_MathDouble.c,125 :: 		
L_end_FIXSIGN32:
0x0098	0x0012      	RETURN      0
; end of _FIXSIGN32
_RES032:
;__Lib_MathDouble.c,128 :: 		
;__Lib_MathDouble.c,134 :: 		
0x009A	0x6A02      	CLRF        R2, 0
;__Lib_MathDouble.c,135 :: 		
0x009C	0x6A01      	CLRF        R1, 0
;__Lib_MathDouble.c,136 :: 		
0x009E	0x6A00      	CLRF        R0, 0
;__Lib_MathDouble.c,137 :: 		
0x00A0	0x6A08      	CLRF        R8, 0
;__Lib_MathDouble.c,138 :: 		
0x00A2	0x6A03      	CLRF        R3, 0
;__Lib_MathDouble.c,139 :: 		
0x00A4	0x0E00      	MOVLW       0
;__Lib_MathDouble.c,141 :: 		
L_end_RES032:
0x00A6	0x0012      	RETURN      0
; end of _RES032
_Lcd_Cmd:
;__Lib_Lcd.c,18 :: 		
;__Lib_Lcd.c,20 :: 		
0x00A8	0xBE46      	BTFSC       FARG_Lcd_Cmd_out_char, 7 
0x00AA	0xD002      	BRA         L__Lcd_Cmd21
0x00AC	0x9E83      	BCF         LCD_D7, BitPos(LCD_D7+0) 
0x00AE	0xD001      	BRA         L__Lcd_Cmd22
L__Lcd_Cmd21:
0x00B0	0x8E83      	BSF         LCD_D7, BitPos(LCD_D7+0) 
L__Lcd_Cmd22:
;__Lib_Lcd.c,21 :: 		
0x00B2	0xBC46      	BTFSC       FARG_Lcd_Cmd_out_char, 6 
0x00B4	0xD002      	BRA         L__Lcd_Cmd23
0x00B6	0x9C83      	BCF         LCD_D6, BitPos(LCD_D6+0) 
0x00B8	0xD001      	BRA         L__Lcd_Cmd24
L__Lcd_Cmd23:
0x00BA	0x8C83      	BSF         LCD_D6, BitPos(LCD_D6+0) 
L__Lcd_Cmd24:
;__Lib_Lcd.c,22 :: 		
0x00BC	0xBA46      	BTFSC       FARG_Lcd_Cmd_out_char, 5 
0x00BE	0xD002      	BRA         L__Lcd_Cmd25
0x00C0	0x9A83      	BCF         LCD_D5, BitPos(LCD_D5+0) 
0x00C2	0xD001      	BRA         L__Lcd_Cmd26
L__Lcd_Cmd25:
0x00C4	0x8A83      	BSF         LCD_D5, BitPos(LCD_D5+0) 
L__Lcd_Cmd26:
;__Lib_Lcd.c,23 :: 		
0x00C6	0xB846      	BTFSC       FARG_Lcd_Cmd_out_char, 4 
0x00C8	0xD002      	BRA         L__Lcd_Cmd27
0x00CA	0x9883      	BCF         LCD_D4, BitPos(LCD_D4+0) 
0x00CC	0xD001      	BRA         L__Lcd_Cmd28
L__Lcd_Cmd27:
0x00CE	0x8883      	BSF         LCD_D4, BitPos(LCD_D4+0) 
L__Lcd_Cmd28:
;__Lib_Lcd.c,25 :: 		
0x00D0	0xB034      	BTFSC       __Lib_Lcd_cmd_status, BitPos(__Lib_Lcd_cmd_status+0) 
0x00D2	0xD002      	BRA         L__Lcd_Cmd29
0x00D4	0x8484      	BSF         LCD_RS, BitPos(LCD_RS+0) 
0x00D6	0xD001      	BRA         L__Lcd_Cmd30
L__Lcd_Cmd29:
0x00D8	0x9484      	BCF         LCD_RS, BitPos(LCD_RS+0) 
L__Lcd_Cmd30:
;__Lib_Lcd.c,28 :: 		
0x00DA	0x8284      	BSF         LCD_EN, BitPos(LCD_EN+0) 
;__Lib_Lcd.c,29 :: 		
0x00DC	0xDFAA      	RCALL       _Delay_1us
;__Lib_Lcd.c,30 :: 		
0x00DE	0x9284      	BCF         LCD_EN, BitPos(LCD_EN+0) 
;__Lib_Lcd.c,33 :: 		
0x00E0	0xB646      	BTFSC       FARG_Lcd_Cmd_out_char, 3 
0x00E2	0xD002      	BRA         L__Lcd_Cmd31
0x00E4	0x9E83      	BCF         LCD_D7, BitPos(LCD_D7+0) 
0x00E6	0xD001      	BRA         L__Lcd_Cmd32
L__Lcd_Cmd31:
0x00E8	0x8E83      	BSF         LCD_D7, BitPos(LCD_D7+0) 
L__Lcd_Cmd32:
;__Lib_Lcd.c,34 :: 		
0x00EA	0xB446      	BTFSC       FARG_Lcd_Cmd_out_char, 2 
0x00EC	0xD002      	BRA         L__Lcd_Cmd33
0x00EE	0x9C83      	BCF         LCD_D6, BitPos(LCD_D6+0) 
0x00F0	0xD001      	BRA         L__Lcd_Cmd34
L__Lcd_Cmd33:
0x00F2	0x8C83      	BSF         LCD_D6, BitPos(LCD_D6+0) 
L__Lcd_Cmd34:
;__Lib_Lcd.c,35 :: 		
0x00F4	0xB246      	BTFSC       FARG_Lcd_Cmd_out_char, 1 
0x00F6	0xD002      	BRA         L__Lcd_Cmd35
0x00F8	0x9A83      	BCF         LCD_D5, BitPos(LCD_D5+0) 
0x00FA	0xD001      	BRA         L__Lcd_Cmd36
L__Lcd_Cmd35:
0x00FC	0x8A83      	BSF         LCD_D5, BitPos(LCD_D5+0) 
L__Lcd_Cmd36:
;__Lib_Lcd.c,36 :: 		
0x00FE	0xB046      	BTFSC       FARG_Lcd_Cmd_out_char, 0 
0x0100	0xD002      	BRA         L__Lcd_Cmd37
0x0102	0x9883      	BCF         LCD_D4, BitPos(LCD_D4+0) 
0x0104	0xD001      	BRA         L__Lcd_Cmd38
L__Lcd_Cmd37:
0x0106	0x8883      	BSF         LCD_D4, BitPos(LCD_D4+0) 
L__Lcd_Cmd38:
;__Lib_Lcd.c,38 :: 		
0x0108	0xB034      	BTFSC       __Lib_Lcd_cmd_status, BitPos(__Lib_Lcd_cmd_status+0) 
0x010A	0xD002      	BRA         L__Lcd_Cmd39
0x010C	0x8484      	BSF         LCD_RS, BitPos(LCD_RS+0) 
0x010E	0xD001      	BRA         L__Lcd_Cmd40
L__Lcd_Cmd39:
0x0110	0x9484      	BCF         LCD_RS, BitPos(LCD_RS+0) 
L__Lcd_Cmd40:
;__Lib_Lcd.c,40 :: 		
0x0112	0x8284      	BSF         LCD_EN, BitPos(LCD_EN+0) 
;__Lib_Lcd.c,41 :: 		
0x0114	0xDF8E      	RCALL       _Delay_1us
;__Lib_Lcd.c,42 :: 		
0x0116	0x9284      	BCF         LCD_EN, BitPos(LCD_EN+0) 
;__Lib_Lcd.c,44 :: 		
0x0118	0xA034      	BTFSS       __Lib_Lcd_cmd_status, BitPos(__Lib_Lcd_cmd_status+0) 
0x011A	0xD002      	BRA         L_Lcd_Cmd0
;__Lib_Lcd.c,45 :: 		
0x011C	0xDF7F      	RCALL       _Delay_5500us
0x011E	0xD001      	BRA         L_Lcd_Cmd1
L_Lcd_Cmd0:
;__Lib_Lcd.c,47 :: 		
0x0120	0xDF8B      	RCALL       _Delay_50us
L_Lcd_Cmd1:
;__Lib_Lcd.c,48 :: 		
L_end_Lcd_Cmd:
0x0122	0x0012      	RETURN      0
; end of _Lcd_Cmd
_Mul_16X16_U:
;__Lib_Math.c,440 :: 		
;__Lib_Math.c,447 :: 		
0x0124	0x6A0B      	CLRF        R11, 0
;__Lib_Math.c,448 :: 		
0x0126	0x6A0A      	CLRF        R10, 0
;__Lib_Math.c,449 :: 		
0x0128	0x6A09      	CLRF        R9, 0
;__Lib_Math.c,450 :: 		
0x012A	0x5000      	MOVF        R0, 0, 0
;__Lib_Math.c,451 :: 		
0x012C	0x0204      	MULWF       R4, 0
;__Lib_Math.c,453 :: 		
0x012E	0xF009CFF4  	MOVFF       PRODH, R9
;__Lib_Math.c,454 :: 		
0x0132	0xF008CFF3  	MOVFF       PRODL, R8
;__Lib_Math.c,455 :: 		
0x0136	0x5001      	MOVF        R1, 0, 0
;__Lib_Math.c,456 :: 		
0x0138	0x0205      	MULWF       R5, 0
;__Lib_Math.c,458 :: 		
0x013A	0xF00BCFF4  	MOVFF       PRODH, R11
;__Lib_Math.c,459 :: 		
0x013E	0xF00ACFF3  	MOVFF       PRODL, R10
;__Lib_Math.c,460 :: 		
0x0142	0x5000      	MOVF        R0, 0, 0
;__Lib_Math.c,461 :: 		
0x0144	0x0205      	MULWF       R5, 0
;__Lib_Math.c,463 :: 		
0x0146	0x50F3      	MOVF        PRODL, 0, 0
;__Lib_Math.c,464 :: 		
0x0148	0x2609      	ADDWF       R9, 1, 0
;__Lib_Math.c,465 :: 		
0x014A	0x50F4      	MOVF        PRODH, 0, 0
;__Lib_Math.c,466 :: 		
0x014C	0x220A      	ADDWFC      R10, 1, 0
;__Lib_Math.c,467 :: 		
0x014E	0x6AE8      	CLRF        WREG, 0
;__Lib_Math.c,468 :: 		
0x0150	0x220B      	ADDWFC      R11, 1, 0
;__Lib_Math.c,469 :: 		
0x0152	0x5001      	MOVF        R1, 0, 0
;__Lib_Math.c,470 :: 		
0x0154	0x0204      	MULWF       R4, 0
;__Lib_Math.c,472 :: 		
0x0156	0x50F3      	MOVF        PRODL, 0, 0
;__Lib_Math.c,473 :: 		
0x0158	0x2609      	ADDWF       R9, 1, 0
;__Lib_Math.c,474 :: 		
0x015A	0x50F4      	MOVF        PRODH, 0, 0
;__Lib_Math.c,475 :: 		
0x015C	0x220A      	ADDWFC      R10, 1, 0
;__Lib_Math.c,476 :: 		
0x015E	0x6AE8      	CLRF        WREG, 0
;__Lib_Math.c,477 :: 		
0x0160	0x220B      	ADDWFC      R11, 1, 0
;__Lib_Math.c,479 :: 		
0x0162	0xF000C008  	MOVFF       R8, R0
;__Lib_Math.c,480 :: 		
0x0166	0xF001C009  	MOVFF       R9, R1
;__Lib_Math.c,481 :: 		
0x016A	0xF002C00A  	MOVFF       R10, R2
;__Lib_Math.c,482 :: 		
0x016E	0xF003C00B  	MOVFF       R11, R3
;__Lib_Math.c,485 :: 		
L_end_Mul_16X16_U:
0x0172	0x0012      	RETURN      0
; end of _Mul_16X16_U
_SETIOV3224:
;__Lib_MathDouble.c,530 :: 		
;__Lib_MathDouble.c,537 :: 		
0x0174	0x800B      	BSF         R11, 0, 0
;__Lib_MathDouble.c,538 :: 		
0x0176	0xAE0B      	BTFSS       R11, 7, 0
;__Lib_MathDouble.c,539 :: 		
0x0178	0xF000EFC6  	GOTO        SETIOV3224EEE
;__Lib_MathDouble.c,541 :: 		
0x017C	0x6A02      	CLRF        R2, 0
;__Lib_MathDouble.c,542 :: 		
0x017E	0xAE0A      	BTFSS       R10, 7, 0
;__Lib_MathDouble.c,543 :: 		
0x0180	0x0EFF      	MOVLW       255
;__Lib_MathDouble.c,544 :: 		
0x0182	0x6E02      	MOVWF       R2, 0
;__Lib_MathDouble.c,545 :: 		
0x0184	0x6E01      	MOVWF       R1, 0
;__Lib_MathDouble.c,546 :: 		
0x0186	0x6E00      	MOVWF       R0, 0
;__Lib_MathDouble.c,547 :: 		
0x0188	0x360A      	RLCF        R10, 1, 0
;__Lib_MathDouble.c,548 :: 		
0x018A	0x3202      	RRCF        R2, 1, 0
;__Lib_MathDouble.c,549 :: 		
SETIOV3224EEE:
;__Lib_MathDouble.c,550 :: 		
0x018C	0x0EFF      	MOVLW       255
;__Lib_MathDouble.c,552 :: 		
L_end_SETIOV3224:
0x018E	0x0012      	RETURN      0
; end of _SETIOV3224
_Delay_22us:
;__Lib_Delays.c,15 :: 		void Delay_22us() {
;__Lib_Delays.c,16 :: 		Delay_us(22);
0x0190	0x0E0E      	MOVLW       14
0x0192	0x6E0D      	MOVWF       R13, 0
L_Delay_22us1:
0x0194	0x2E0D      	DECFSZ      R13, 1, 0
0x0196	0xD7FE      	BRA         L_Delay_22us1
0x0198	0x0000      	NOP
;__Lib_Delays.c,17 :: 		}
L_end_Delay_22us:
0x019A	0x0012      	RETURN      0
; end of _Delay_22us
_WordToStr:
;__Lib_Conversions.c,98 :: 		
;__Lib_Conversions.c,103 :: 		
0x019C	0x6A43      	CLRF        WordToStr_len_L0 
L_WordToStr11:
0x019E	0x0E05      	MOVLW       5
0x01A0	0x5C43      	SUBWF       WordToStr_len_L0, 0 
0x01A2	0xE20A      	BC          L_WordToStr12
;__Lib_Conversions.c,104 :: 		
0x01A4	0x5043      	MOVF        WordToStr_len_L0, 0 
0x01A6	0x2441      	ADDWF       FARG_WordToStr_output, 0 
0x01A8	0x6EE1      	MOVWF       FSR1L 
0x01AA	0x0E00      	MOVLW       0
0x01AC	0x2042      	ADDWFC      FARG_WordToStr_output+1, 0 
0x01AE	0x6EE2      	MOVWF       FSR1L+1 
0x01B0	0x0E20      	MOVLW       32
0x01B2	0x6EE6      	MOVWF       POSTINC1 
;__Lib_Conversions.c,103 :: 		
0x01B4	0x2A43      	INCF        WordToStr_len_L0, 1 
;__Lib_Conversions.c,104 :: 		
0x01B6	0xD7F3      	BRA         L_WordToStr11
L_WordToStr12:
;__Lib_Conversions.c,105 :: 		
0x01B8	0x5043      	MOVF        WordToStr_len_L0, 0 
0x01BA	0x2441      	ADDWF       FARG_WordToStr_output, 0 
0x01BC	0x6EE1      	MOVWF       FSR1L 
0x01BE	0x0E00      	MOVLW       0
0x01C0	0x2042      	ADDWFC      FARG_WordToStr_output+1, 0 
0x01C2	0x6EE2      	MOVWF       FSR1L+1 
0x01C4	0x6AE6      	CLRF        POSTINC1 
0x01C6	0x0643      	DECF        WordToStr_len_L0, 1 
;__Lib_Conversions.c,107 :: 		
L_WordToStr14:
;__Lib_Conversions.c,108 :: 		
0x01C8	0x5043      	MOVF        WordToStr_len_L0, 0 
0x01CA	0x2441      	ADDWF       FARG_WordToStr_output, 0 
0x01CC	0x6E44      	MOVWF       FLOC__WordToStr 
0x01CE	0x0E00      	MOVLW       0
0x01D0	0x2042      	ADDWFC      FARG_WordToStr_output+1, 0 
0x01D2	0x6E45      	MOVWF       FLOC__WordToStr+1 
0x01D4	0x0E0A      	MOVLW       10
0x01D6	0x6E04      	MOVWF       R4 
0x01D8	0x0E00      	MOVLW       0
0x01DA	0x6E05      	MOVWF       R5 
0x01DC	0xF000C03F  	MOVFF       FARG_WordToStr_input, R0
0x01E0	0xF001C040  	MOVFF       FARG_WordToStr_input+1, R1
0x01E4	0xDF3B      	RCALL       _Div_16X16_U
0x01E6	0xF000C008  	MOVFF       R8, R0
0x01EA	0xF001C009  	MOVFF       R9, R1
0x01EE	0x0E30      	MOVLW       48
0x01F0	0x2600      	ADDWF       R0, 1 
0x01F2	0xFFE1C044  	MOVFF       FLOC__WordToStr, FSR1L
0x01F6	0xFFE2C045  	MOVFF       FLOC__WordToStr+1, FSR1H
0x01FA	0xFFE6C000  	MOVFF       R0, POSTINC1
;__Lib_Conversions.c,109 :: 		
0x01FE	0x0E0A      	MOVLW       10
0x0200	0x6E04      	MOVWF       R4 
0x0202	0x0E00      	MOVLW       0
0x0204	0x6E05      	MOVWF       R5 
0x0206	0xF000C03F  	MOVFF       FARG_WordToStr_input, R0
0x020A	0xF001C040  	MOVFF       FARG_WordToStr_input+1, R1
0x020E	0xDF26      	RCALL       _Div_16X16_U
0x0210	0xF03FC000  	MOVFF       R0, FARG_WordToStr_input
0x0214	0xF040C001  	MOVFF       R1, FARG_WordToStr_input+1
;__Lib_Conversions.c,110 :: 		
0x0218	0x0E00      	MOVLW       0
0x021A	0x1801      	XORWF       R1, 0 
0x021C	0xE102      	BNZ         L__WordToStr379
0x021E	0x0E00      	MOVLW       0
0x0220	0x1800      	XORWF       R0, 0 
L__WordToStr379:
0x0222	0xE101      	BNZ         L_WordToStr16
;__Lib_Conversions.c,111 :: 		
0x0224	0xD002      	BRA         L_WordToStr15
L_WordToStr16:
;__Lib_Conversions.c,112 :: 		
0x0226	0x0643      	DECF        WordToStr_len_L0, 1 
;__Lib_Conversions.c,113 :: 		
0x0228	0xD7CF      	BRA         L_WordToStr14
L_WordToStr15:
;__Lib_Conversions.c,114 :: 		
L_end_WordToStr:
0x022A	0x0012      	RETURN      0
; end of _WordToStr
_Lcd_Chr_CP:
;__Lib_Lcd.c,50 :: 		
;__Lib_Lcd.c,52 :: 		
0x022C	0x9034      	BCF         __Lib_Lcd_cmd_status, BitPos(__Lib_Lcd_cmd_status+0) 
;__Lib_Lcd.c,53 :: 		
0x022E	0xF046C03F  	MOVFF       FARG_Lcd_Chr_CP_out_char, FARG_Lcd_Cmd_out_char
0x0232	0xDF3A      	RCALL       _Lcd_Cmd
;__Lib_Lcd.c,54 :: 		
0x0234	0x8034      	BSF         __Lib_Lcd_cmd_status, BitPos(__Lib_Lcd_cmd_status+0) 
;__Lib_Lcd.c,55 :: 		
L_end_Lcd_Chr_CP:
0x0236	0x0012      	RETURN      0
; end of _Lcd_Chr_CP
_NRM3232:
;__Lib_MathDouble.c,455 :: 		
;__Lib_MathDouble.c,463 :: 		
0x0238	0x6A0C      	CLRF        R12, 0
;__Lib_MathDouble.c,464 :: 		
0x023A	0x6A0E      	CLRF        R14, 0
;__Lib_MathDouble.c,465 :: 		
0x023C	0x5002      	MOVF        R2, 0, 0
;__Lib_MathDouble.c,466 :: 		
0x023E	0xA4D8      	BTFSS       STATUS, 2, 0
;__Lib_MathDouble.c,467 :: 		
0x0240	0xF001EF35  	GOTO        NORM3232
;__Lib_MathDouble.c,468 :: 		
0x0244	0xF002C001  	MOVFF       R1, R2
;__Lib_MathDouble.c,469 :: 		
0x0248	0xF001C000  	MOVFF       R0, R1
;__Lib_MathDouble.c,470 :: 		
0x024C	0x6A00      	CLRF        R0, 0
;__Lib_MathDouble.c,471 :: 		
0x024E	0x860E      	BSF         R14, 3, 0
;__Lib_MathDouble.c,473 :: 		
0x0250	0x5002      	MOVF        R2, 0, 0
;__Lib_MathDouble.c,474 :: 		
0x0252	0xA4D8      	BTFSS       STATUS, 2, 0
;__Lib_MathDouble.c,475 :: 		
0x0254	0xF001EF35  	GOTO        NORM3232
;__Lib_MathDouble.c,476 :: 		
0x0258	0xF002C001  	MOVFF       R1, R2
;__Lib_MathDouble.c,477 :: 		
0x025C	0x6A01      	CLRF        R1, 0
;__Lib_MathDouble.c,478 :: 		
0x025E	0x960E      	BCF         R14, 3, 0
;__Lib_MathDouble.c,479 :: 		
0x0260	0x880E      	BSF         R14, 4, 0
;__Lib_MathDouble.c,481 :: 		
0x0262	0x5002      	MOVF        R2, 0, 0
;__Lib_MathDouble.c,482 :: 		
0x0264	0xB4D8      	BTFSC       STATUS, 2, 0
;__Lib_MathDouble.c,483 :: 		
0x0266	0xF001EF47  	GOTO        JPNRES032
;__Lib_MathDouble.c,484 :: 		
NORM3232:
;__Lib_MathDouble.c,485 :: 		
0x026A	0x500E      	MOVF        R14, 0, 0
;__Lib_MathDouble.c,486 :: 		
0x026C	0x5E03      	SUBWF       R3, 1, 0
;__Lib_MathDouble.c,487 :: 		
0x026E	0xA4D8      	BTFSS       STATUS, 2, 0
;__Lib_MathDouble.c,488 :: 		
0x0270	0xA0D8      	BTFSS       STATUS, 0, 0
;__Lib_MathDouble.c,489 :: 		
0x0272	0xF001EF4C  	GOTO        JPNSETFUN32
;__Lib_MathDouble.c,490 :: 		
0x0276	0x90D8      	BCF         STATUS, 0, 0
;__Lib_MathDouble.c,491 :: 		
NORM3232A:
;__Lib_MathDouble.c,492 :: 		
0x0278	0xBE02      	BTFSC       R2, 7, 0
;__Lib_MathDouble.c,493 :: 		
0x027A	0xF001EF51  	GOTO        JMPNFIXSIGN32
;__Lib_MathDouble.c,494 :: 		
0x027E	0x3600      	RLCF        R0, 1, 0
;__Lib_MathDouble.c,495 :: 		
0x0280	0x3601      	RLCF        R1, 1, 0
;__Lib_MathDouble.c,496 :: 		
0x0282	0x3602      	RLCF        R2, 1, 0
;__Lib_MathDouble.c,497 :: 		
0x0284	0x2E03      	DECFSZ      R3, 1, 0
;__Lib_MathDouble.c,498 :: 		
0x0286	0xF001EF3C  	GOTO        NORM3232A
;__Lib_MathDouble.c,499 :: 		
0x028A	0xF001EF4C  	GOTO        JPNSETFUN32
;__Lib_MathDouble.c,500 :: 		
JPNRES032:
;__Lib_MathDouble.c,501 :: 		
0x028E	0x0E01      	MOVLW       1
;__Lib_MathDouble.c,502 :: 		
0x0290	0x6E0C      	MOVWF       R12, 0
;__Lib_MathDouble.c,504 :: 		
0x0292	0xDF03      	RCALL       _RES032
;__Lib_MathDouble.c,506 :: 		
0x0294	0xF001EF54  	GOTO        NORM32EEE
;__Lib_MathDouble.c,507 :: 		
JPNSETFUN32:
;__Lib_MathDouble.c,508 :: 		
0x0298	0x0E02      	MOVLW       2
;__Lib_MathDouble.c,509 :: 		
0x029A	0x6E0C      	MOVWF       R12, 0
;__Lib_MathDouble.c,511 :: 		
0x029C	0xDED2      	RCALL       _SETFUN32
;__Lib_MathDouble.c,513 :: 		
0x029E	0xF001EF54  	GOTO        NORM32EEE
;__Lib_MathDouble.c,514 :: 		
JMPNFIXSIGN32:
;__Lib_MathDouble.c,515 :: 		
0x02A2	0x0E04      	MOVLW       4
;__Lib_MathDouble.c,516 :: 		
0x02A4	0x6E0C      	MOVWF       R12, 0
;__Lib_MathDouble.c,518 :: 		
0x02A6	0xDEF5      	RCALL       _FIXSIGN32
;__Lib_MathDouble.c,520 :: 		
NORM32EEE:
;__Lib_MathDouble.c,527 :: 		
L_end_NRM3232:
0x02A8	0x0012      	RETURN      0
; end of _NRM3232
_SETFOV32:
;__Lib_MathDouble.c,82 :: 		
;__Lib_MathDouble.c,90 :: 		
0x02AA	0x820B      	BSF         R11, 1, 0
;__Lib_MathDouble.c,91 :: 		
0x02AC	0xAE0B      	BTFSS       R11, 7, 0
;__Lib_MathDouble.c,92 :: 		
0x02AE	0xF001EF5F  	GOTO        SETFOV32EEE
;__Lib_MathDouble.c,94 :: 		
0x02B2	0x6803      	SETF        R3, 0
;__Lib_MathDouble.c,95 :: 		
0x02B4	0x6802      	SETF        R2, 0
;__Lib_MathDouble.c,96 :: 		
0x02B6	0x6801      	SETF        R1, 0
;__Lib_MathDouble.c,97 :: 		
0x02B8	0x6800      	SETF        R0, 0
;__Lib_MathDouble.c,98 :: 		
0x02BA	0x360A      	RLCF        R10, 1, 0
;__Lib_MathDouble.c,99 :: 		
0x02BC	0x3202      	RRCF        R2, 1, 0
;__Lib_MathDouble.c,100 :: 		
SETFOV32EEE:
;__Lib_MathDouble.c,101 :: 		
0x02BE	0x0EFF      	MOVLW       255
;__Lib_MathDouble.c,103 :: 		
L_end_SETFOV32:
0x02C0	0x0012      	RETURN      0
; end of _SETFOV32
_word2double:
;__Lib_MathDouble.c,2335 :: 		
;__Lib_MathDouble.c,2344 :: 		
0x02C2	0x5000      	MOVF        R0, 0, 0
;__Lib_MathDouble.c,2345 :: 		
0x02C4	0x6E08      	MOVWF       R8, 0
;__Lib_MathDouble.c,2346 :: 		
0x02C6	0x5001      	MOVF        R1, 0, 0
;__Lib_MathDouble.c,2347 :: 		
0x02C8	0x6E00      	MOVWF       R0, 0
;__Lib_MathDouble.c,2348 :: 		
0x02CA	0x6A01      	CLRF        R1, 0
;__Lib_MathDouble.c,2349 :: 		
0x02CC	0x6A02      	CLRF        R2, 0
;__Lib_MathDouble.c,2350 :: 		
0x02CE	0x6A03      	CLRF        R3, 0
;__Lib_MathDouble.c,2353 :: 		
0x02D0	0x6A0B      	CLRF        R11, 0
;__Lib_MathDouble.c,2354 :: 		
0x02D2	0x6A0C      	CLRF        R12, 0
;__Lib_MathDouble.c,2356 :: 		
0x02D4	0x0E96      	MOVLW       150
;__Lib_MathDouble.c,2357 :: 		
0x02D6	0x6E03      	MOVWF       R3, 0
;__Lib_MathDouble.c,2358 :: 		
0x02D8	0x6A0A      	CLRF        R10, 0
;__Lib_MathDouble.c,2360 :: 		
0x02DA	0xF001C000  	MOVFF       R0, R1
;__Lib_MathDouble.c,2361 :: 		
0x02DE	0xF000C008  	MOVFF       R8, R0
;__Lib_MathDouble.c,2362 :: 		
0x02E2	0x6A08      	CLRF        R8, 0
;__Lib_MathDouble.c,2363 :: 		
0x02E4	0x6A02      	CLRF        R2, 0
;__Lib_MathDouble.c,2365 :: 		
0x02E6	0xDFA8      	RCALL       _NRM3232
;__Lib_MathDouble.c,2366 :: 		
L_end_word2double:
0x02E8	0x0012      	RETURN      0
; end of _word2double
_PWM1_Init:
;__Lib_PWM_c21.c,35 :: 		
;__Lib_PWM_c21.c,36 :: 		
;__Lib_PWM_c21.c,37 :: 		
0x02EA	0x6ABE      	CLRF        CCPR1L 
;__Lib_PWM_c21.c,38 :: 		
0x02EC	0x98BD      	BCF         CCP1CON, 4 
;__Lib_PWM_c21.c,39 :: 		
0x02EE	0x9ABD      	BCF         CCP1CON, 5 
;__Lib_PWM_c21.c,40 :: 		
L_end_PWM1_Init:
0x02F0	0x0012      	RETURN      0
; end of _PWM1_Init
___CC2DW:
;__Lib_System.c,21 :: 		
;__Lib_System.c,23 :: 		
_CC2DL_Loop1:
;__Lib_System.c,24 :: 		
0x02F2	0x0009      	TBLRD*+
;__Lib_System.c,25 :: 		
0x02F4	0xFFE6CFF5  	MOVFF       TABLAT, POSTINC1
;__Lib_System.c,26 :: 		
0x02F8	0x0600      	DECF        R0, 1, 0
;__Lib_System.c,27 :: 		
0x02FA	0xE1FB      	BNZ         _CC2DL_Loop1
;__Lib_System.c,28 :: 		
0x02FC	0x0601      	DECF        R1, 1, 0
;__Lib_System.c,29 :: 		
0x02FE	0xE1F9      	BNZ         _CC2DL_Loop1
;__Lib_System.c,31 :: 		
L_end___CC2DW:
0x0300	0x0012      	RETURN      0
; end of ___CC2DW
_PWM1_Start:
;__Lib_PWM_c21.c,53 :: 		
;__Lib_PWM_c21.c,54 :: 		
0x0302	0x9494      	BCF         TRISC2_bit, BitPos(TRISC2_bit+0) 
;__Lib_PWM_c21.c,55 :: 		
0x0304	0x84CA      	BSF         T2CON, 2 
;__Lib_PWM_c21.c,56 :: 		
0x0306	0x0E0C      	MOVLW       12
0x0308	0x12BD      	IORWF       CCP1CON, 1 
;__Lib_PWM_c21.c,57 :: 		
L_end_PWM1_Start:
0x030A	0x0012      	RETURN      0
; end of _PWM1_Start
_ADC_Read:
;__Lib_ADC_A_D.c,51 :: 		
;__Lib_ADC_A_D.c,54 :: 		
0x030C	0x6AC2      	CLRF        ADCON0 
;__Lib_ADC_A_D.c,55 :: 		
0x030E	0x1C1E      	COMF        _vref_mask, 0 
0x0310	0x6E00      	MOVWF       R0 
0x0312	0x5000      	MOVF        R0, 0 
0x0314	0x16C1      	ANDWF       ADCON1, 1 
;__Lib_ADC_A_D.c,56 :: 		
0x0316	0x0E07      	MOVLW       7
0x0318	0x12C0      	IORWF       ADCON2, 1 
;__Lib_ADC_A_D.c,57 :: 		
0x031A	0x8EC0      	BSF         ADCON2, 7 
;__Lib_ADC_A_D.c,58 :: 		
0x031C	0xF000C035  	MOVFF       FARG_ADC_Read_channel, R0
0x0320	0x3600      	RLCF        R0, 1 
0x0322	0x9000      	BCF         R0, 0 
0x0324	0x3600      	RLCF        R0, 1 
0x0326	0x9000      	BCF         R0, 0 
0x0328	0x5000      	MOVF        R0, 0 
0x032A	0x12C2      	IORWF       ADCON0, 1 
;__Lib_ADC_A_D.c,59 :: 		
0x032C	0x80C2      	BSF         ADCON0, 0 
;__Lib_ADC_A_D.c,60 :: 		
0x032E	0xDF30      	RCALL       _Delay_22us
;__Lib_ADC_A_D.c,61 :: 		
0x0330	0x82C2      	BSF         ADCON0, 1 
;__Lib_ADC_A_D.c,62 :: 		
L_ADC_Read2:
0x0332	0xA2C2      	BTFSS       ADCON0, 1 
0x0334	0xD001      	BRA         L_ADC_Read3
;__Lib_ADC_A_D.c,63 :: 		
0x0336	0xD7FD      	BRA         L_ADC_Read2
L_ADC_Read3:
;__Lib_ADC_A_D.c,64 :: 		
0x0338	0xF001CFC4  	MOVFF       ADRESH, R1
0x033C	0x6A00      	CLRF        R0 
;__Lib_ADC_A_D.c,65 :: 		
0x033E	0x50C3      	MOVF        ADRESL, 0 
0x0340	0x1200      	IORWF       R0, 1 
0x0342	0x0E00      	MOVLW       0
0x0344	0x1201      	IORWF       R1, 1 
;__Lib_ADC_A_D.c,66 :: 		
0x0346	0x90C2      	BCF         ADCON0, 0 
;__Lib_ADC_A_D.c,68 :: 		
;__Lib_ADC_A_D.c,69 :: 		
L_end_ADC_Read:
0x0348	0x0012      	RETURN      0
; end of _ADC_Read
_Lcd_Init:
;__Lib_Lcd.c,84 :: 		
;__Lib_Lcd.c,86 :: 		
0x034A	0x9296      	BCF         LCD_EN_Direction, BitPos(LCD_EN_Direction+0) 
;__Lib_Lcd.c,87 :: 		
0x034C	0x9496      	BCF         LCD_RS_Direction, BitPos(LCD_RS_Direction+0) 
;__Lib_Lcd.c,88 :: 		
0x034E	0x9895      	BCF         LCD_D4_Direction, BitPos(LCD_D4_Direction+0) 
;__Lib_Lcd.c,89 :: 		
0x0350	0x9A95      	BCF         LCD_D5_Direction, BitPos(LCD_D5_Direction+0) 
;__Lib_Lcd.c,90 :: 		
0x0352	0x9C95      	BCF         LCD_D6_Direction, BitPos(LCD_D6_Direction+0) 
;__Lib_Lcd.c,91 :: 		
0x0354	0x9E95      	BCF         LCD_D7_Direction, BitPos(LCD_D7_Direction+0) 
;__Lib_Lcd.c,93 :: 		
0x0356	0x9284      	BCF         LCD_EN, BitPos(LCD_EN+0) 
;__Lib_Lcd.c,94 :: 		
0x0358	0x9484      	BCF         LCD_RS, BitPos(LCD_RS+0) 
;__Lib_Lcd.c,95 :: 		
0x035A	0x9E83      	BCF         LCD_D7, BitPos(LCD_D7+0) 
;__Lib_Lcd.c,96 :: 		
0x035C	0x9C83      	BCF         LCD_D6, BitPos(LCD_D6+0) 
;__Lib_Lcd.c,97 :: 		
0x035E	0x9A83      	BCF         LCD_D5, BitPos(LCD_D5+0) 
;__Lib_Lcd.c,98 :: 		
0x0360	0x9883      	BCF         LCD_D4, BitPos(LCD_D4+0) 
;__Lib_Lcd.c,100 :: 		
0x0362	0xDE5C      	RCALL       _Delay_5500us
;__Lib_Lcd.c,101 :: 		
0x0364	0xDE5B      	RCALL       _Delay_5500us
;__Lib_Lcd.c,102 :: 		
0x0366	0xDE5A      	RCALL       _Delay_5500us
;__Lib_Lcd.c,105 :: 		
0x0368	0x8A83      	BSF         LCD_D5, BitPos(LCD_D5+0) 
;__Lib_Lcd.c,106 :: 		
0x036A	0x8883      	BSF         LCD_D4, BitPos(LCD_D4+0) 
;__Lib_Lcd.c,107 :: 		
0x036C	0x8284      	BSF         LCD_EN, BitPos(LCD_EN+0) 
;__Lib_Lcd.c,108 :: 		
0x036E	0xDE61      	RCALL       _Delay_1us
;__Lib_Lcd.c,109 :: 		
0x0370	0x9284      	BCF         LCD_EN, BitPos(LCD_EN+0) 
;__Lib_Lcd.c,110 :: 		
0x0372	0xDE54      	RCALL       _Delay_5500us
;__Lib_Lcd.c,112 :: 		
0x0374	0x8284      	BSF         LCD_EN, BitPos(LCD_EN+0) 
;__Lib_Lcd.c,113 :: 		
0x0376	0xDE5D      	RCALL       _Delay_1us
;__Lib_Lcd.c,114 :: 		
0x0378	0x9284      	BCF         LCD_EN, BitPos(LCD_EN+0) 
;__Lib_Lcd.c,115 :: 		
0x037A	0xDE50      	RCALL       _Delay_5500us
;__Lib_Lcd.c,117 :: 		
0x037C	0x8284      	BSF         LCD_EN, BitPos(LCD_EN+0) 
;__Lib_Lcd.c,118 :: 		
0x037E	0xDE59      	RCALL       _Delay_1us
;__Lib_Lcd.c,119 :: 		
0x0380	0x9284      	BCF         LCD_EN, BitPos(LCD_EN+0) 
;__Lib_Lcd.c,120 :: 		
0x0382	0xDE4C      	RCALL       _Delay_5500us
;__Lib_Lcd.c,123 :: 		
0x0384	0x9883      	BCF         LCD_D4, BitPos(LCD_D4+0) 
;__Lib_Lcd.c,124 :: 		
0x0386	0x8284      	BSF         LCD_EN, BitPos(LCD_EN+0) 
;__Lib_Lcd.c,125 :: 		
0x0388	0xDE54      	RCALL       _Delay_1us
;__Lib_Lcd.c,126 :: 		
0x038A	0x9284      	BCF         LCD_EN, BitPos(LCD_EN+0) 
;__Lib_Lcd.c,127 :: 		
0x038C	0xDE47      	RCALL       _Delay_5500us
;__Lib_Lcd.c,130 :: 		
0x038E	0x8284      	BSF         LCD_EN, BitPos(LCD_EN+0) 
;__Lib_Lcd.c,131 :: 		
0x0390	0xDE50      	RCALL       _Delay_1us
;__Lib_Lcd.c,132 :: 		
0x0392	0x9284      	BCF         LCD_EN, BitPos(LCD_EN+0) 
;__Lib_Lcd.c,134 :: 		
0x0394	0x9A83      	BCF         LCD_D5, BitPos(LCD_D5+0) 
;__Lib_Lcd.c,135 :: 		
0x0396	0x8E83      	BSF         LCD_D7, BitPos(LCD_D7+0) 
;__Lib_Lcd.c,136 :: 		
0x0398	0x8284      	BSF         LCD_EN, BitPos(LCD_EN+0) 
;__Lib_Lcd.c,137 :: 		
0x039A	0xDE4B      	RCALL       _Delay_1us
;__Lib_Lcd.c,138 :: 		
0x039C	0x9284      	BCF         LCD_EN, BitPos(LCD_EN+0) 
;__Lib_Lcd.c,139 :: 		
0x039E	0xDE3E      	RCALL       _Delay_5500us
;__Lib_Lcd.c,142 :: 		
0x03A0	0x9E83      	BCF         LCD_D7, BitPos(LCD_D7+0) 
;__Lib_Lcd.c,143 :: 		
0x03A2	0x8883      	BSF         LCD_D4, BitPos(LCD_D4+0) 
;__Lib_Lcd.c,144 :: 		
0x03A4	0x8284      	BSF         LCD_EN, BitPos(LCD_EN+0) 
;__Lib_Lcd.c,145 :: 		
0x03A6	0xDE45      	RCALL       _Delay_1us
;__Lib_Lcd.c,146 :: 		
0x03A8	0x9284      	BCF         LCD_EN, BitPos(LCD_EN+0) 
;__Lib_Lcd.c,148 :: 		
0x03AA	0x9883      	BCF         LCD_D4, BitPos(LCD_D4+0) 
;__Lib_Lcd.c,149 :: 		
0x03AC	0x8284      	BSF         LCD_EN, BitPos(LCD_EN+0) 
;__Lib_Lcd.c,150 :: 		
0x03AE	0xDE41      	RCALL       _Delay_1us
;__Lib_Lcd.c,151 :: 		
0x03B0	0x9284      	BCF         LCD_EN, BitPos(LCD_EN+0) 
;__Lib_Lcd.c,152 :: 		
0x03B2	0xDE34      	RCALL       _Delay_5500us
;__Lib_Lcd.c,155 :: 		
0x03B4	0x8284      	BSF         LCD_EN, BitPos(LCD_EN+0) 
;__Lib_Lcd.c,156 :: 		
0x03B6	0xDE3D      	RCALL       _Delay_1us
;__Lib_Lcd.c,157 :: 		
0x03B8	0x9284      	BCF         LCD_EN, BitPos(LCD_EN+0) 
;__Lib_Lcd.c,159 :: 		
0x03BA	0x8883      	BSF         LCD_D4, BitPos(LCD_D4+0) 
;__Lib_Lcd.c,160 :: 		
0x03BC	0x8284      	BSF         LCD_EN, BitPos(LCD_EN+0) 
;__Lib_Lcd.c,161 :: 		
0x03BE	0xDE39      	RCALL       _Delay_1us
;__Lib_Lcd.c,162 :: 		
0x03C0	0x9284      	BCF         LCD_EN, BitPos(LCD_EN+0) 
;__Lib_Lcd.c,163 :: 		
0x03C2	0xDE2C      	RCALL       _Delay_5500us
;__Lib_Lcd.c,166 :: 		
0x03C4	0x9883      	BCF         LCD_D4, BitPos(LCD_D4+0) 
;__Lib_Lcd.c,167 :: 		
0x03C6	0x8284      	BSF         LCD_EN, BitPos(LCD_EN+0) 
;__Lib_Lcd.c,168 :: 		
0x03C8	0xDE34      	RCALL       _Delay_1us
;__Lib_Lcd.c,169 :: 		
0x03CA	0x9284      	BCF         LCD_EN, BitPos(LCD_EN+0) 
;__Lib_Lcd.c,171 :: 		
0x03CC	0x8E83      	BSF         LCD_D7, BitPos(LCD_D7+0) 
;__Lib_Lcd.c,172 :: 		
0x03CE	0x8C83      	BSF         LCD_D6, BitPos(LCD_D6+0) 
;__Lib_Lcd.c,173 :: 		
0x03D0	0x8A83      	BSF         LCD_D5, BitPos(LCD_D5+0) 
;__Lib_Lcd.c,174 :: 		
0x03D2	0x8883      	BSF         LCD_D4, BitPos(LCD_D4+0) 
;__Lib_Lcd.c,175 :: 		
0x03D4	0x8284      	BSF         LCD_EN, BitPos(LCD_EN+0) 
;__Lib_Lcd.c,176 :: 		
0x03D6	0xDE2D      	RCALL       _Delay_1us
;__Lib_Lcd.c,177 :: 		
0x03D8	0x9284      	BCF         LCD_EN, BitPos(LCD_EN+0) 
;__Lib_Lcd.c,179 :: 		
0x03DA	0xDE20      	RCALL       _Delay_5500us
;__Lib_Lcd.c,181 :: 		
0x03DC	0x8034      	BSF         __Lib_Lcd_cmd_status, BitPos(__Lib_Lcd_cmd_status+0) 
;__Lib_Lcd.c,182 :: 		
L_end_Lcd_Init:
0x03DE	0x0012      	RETURN      0
; end of _Lcd_Init
_Ltrim:
;__Lib_Conversions.c,421 :: 		
;__Lib_Conversions.c,425 :: 		
0x03E0	0x6A37      	CLRF        Ltrim_trimmed_L0 
0x03E2	0x6A38      	CLRF        Ltrim_trimmed_L0+1 
;__Lib_Conversions.c,426 :: 		
0x03E4	0xF003C035  	MOVFF       FARG_Ltrim_string, R3
0x03E8	0xF004C036  	MOVFF       FARG_Ltrim_string+1, R4
;__Lib_Conversions.c,427 :: 		
0x03EC	0xF005C035  	MOVFF       FARG_Ltrim_string, R5
0x03F0	0xF006C036  	MOVFF       FARG_Ltrim_string+1, R6
;__Lib_Conversions.c,428 :: 		
L_Ltrim84:
;__Lib_Conversions.c,429 :: 		
0x03F4	0xFFE9C003  	MOVFF       R3, FSR0L
0x03F8	0xFFEAC004  	MOVFF       R4, FSR0H
0x03FC	0x50EE      	MOVF        POSTINC0, 0 
0x03FE	0x0A20      	XORLW       32
0x0400	0xE104      	BNZ         L__Ltrim345
0x0402	0x5037      	MOVF        Ltrim_trimmed_L0, 0 
0x0404	0x1038      	IORWF       Ltrim_trimmed_L0+1, 0 
0x0406	0xE101      	BNZ         L__Ltrim345
0x0408	0xD010      	BRA         L_Ltrim89
L__Ltrim345:
;__Lib_Conversions.c,430 :: 		
0x040A	0x0E01      	MOVLW       1
0x040C	0x6E37      	MOVWF       Ltrim_trimmed_L0 
0x040E	0x0E00      	MOVLW       0
0x0410	0x6E38      	MOVWF       Ltrim_trimmed_L0+1 
;__Lib_Conversions.c,431 :: 		
0x0412	0xFFE9C003  	MOVFF       R3, FSR0L
0x0416	0xFFEAC004  	MOVFF       R4, FSR0H
0x041A	0xFFE1C005  	MOVFF       R5, FSR1L
0x041E	0xFFE2C006  	MOVFF       R6, FSR1H
0x0422	0xFFE6CFEE  	MOVFF       POSTINC0, POSTINC1
0x0426	0x4A05      	INFSNZ      R5, 1 
0x0428	0x2A06      	INCF        R6, 1 
;__Lib_Conversions.c,432 :: 		
L_Ltrim89:
;__Lib_Conversions.c,434 :: 		
0x042A	0xF001C003  	MOVFF       R3, R1
0x042E	0xF002C004  	MOVFF       R4, R2
0x0432	0x4A03      	INFSNZ      R3, 1 
0x0434	0x2A04      	INCF        R4, 1 
0x0436	0xFFE9C001  	MOVFF       R1, FSR0L
0x043A	0xFFEAC002  	MOVFF       R2, FSR0H
0x043E	0x50EE      	MOVF        POSTINC0, 0 
0x0440	0x0A00      	XORLW       0
0x0442	0xE1D8      	BNZ         L_Ltrim84
;__Lib_Conversions.c,435 :: 		
0x0444	0xF000C035  	MOVFF       FARG_Ltrim_string, R0
0x0448	0xF001C036  	MOVFF       FARG_Ltrim_string+1, R1
;__Lib_Conversions.c,436 :: 		
L_end_Ltrim:
0x044C	0x0012      	RETURN      0
; end of _Ltrim
_Lcd_Out:
;__Lib_Lcd.c,184 :: 		
;__Lib_Lcd.c,187 :: 		
0x044E	0xD00F      	BRA         L_Lcd_Out11
;__Lib_Lcd.c,188 :: 		
L_Lcd_Out13:
0x0450	0x0E80      	MOVLW       128
0x0452	0x6E35      	MOVWF       FARG_Lcd_Out_row 
0x0454	0xD019      	BRA         L_Lcd_Out12
;__Lib_Lcd.c,189 :: 		
L_Lcd_Out14:
0x0456	0x0EC0      	MOVLW       192
0x0458	0x6E35      	MOVWF       FARG_Lcd_Out_row 
0x045A	0xD016      	BRA         L_Lcd_Out12
;__Lib_Lcd.c,190 :: 		
L_Lcd_Out15:
0x045C	0x0E94      	MOVLW       148
0x045E	0x6E35      	MOVWF       FARG_Lcd_Out_row 
0x0460	0xD013      	BRA         L_Lcd_Out12
;__Lib_Lcd.c,191 :: 		
L_Lcd_Out16:
0x0462	0x0ED4      	MOVLW       212
0x0464	0x6E35      	MOVWF       FARG_Lcd_Out_row 
0x0466	0xD010      	BRA         L_Lcd_Out12
;__Lib_Lcd.c,192 :: 		
L_Lcd_Out17:
0x0468	0x0E80      	MOVLW       128
0x046A	0x6E35      	MOVWF       FARG_Lcd_Out_row 
;__Lib_Lcd.c,193 :: 		
0x046C	0xD00D      	BRA         L_Lcd_Out12
L_Lcd_Out11:
0x046E	0x5035      	MOVF        FARG_Lcd_Out_row, 0 
0x0470	0x0A01      	XORLW       1
0x0472	0xE0EE      	BZ          L_Lcd_Out13
0x0474	0x5035      	MOVF        FARG_Lcd_Out_row, 0 
0x0476	0x0A02      	XORLW       2
0x0478	0xE0EE      	BZ          L_Lcd_Out14
0x047A	0x5035      	MOVF        FARG_Lcd_Out_row, 0 
0x047C	0x0A03      	XORLW       3
0x047E	0xE0EE      	BZ          L_Lcd_Out15
0x0480	0x5035      	MOVF        FARG_Lcd_Out_row, 0 
0x0482	0x0A04      	XORLW       4
0x0484	0xE0EE      	BZ          L_Lcd_Out16
0x0486	0xD7F0      	BRA         L_Lcd_Out17
L_Lcd_Out12:
;__Lib_Lcd.c,194 :: 		
0x0488	0x0436      	DECF        FARG_Lcd_Out_column, 0 
0x048A	0x6E00      	MOVWF       R0 
0x048C	0x5035      	MOVF        FARG_Lcd_Out_row, 0 
0x048E	0x2600      	ADDWF       R0, 1 
0x0490	0xF035C000  	MOVFF       R0, FARG_Lcd_Out_row
;__Lib_Lcd.c,196 :: 		
0x0494	0xF046C000  	MOVFF       R0, FARG_Lcd_Cmd_out_char
0x0498	0xDE07      	RCALL       _Lcd_Cmd
;__Lib_Lcd.c,197 :: 		
0x049A	0x9034      	BCF         __Lib_Lcd_cmd_status, BitPos(__Lib_Lcd_cmd_status+0) 
;__Lib_Lcd.c,198 :: 		
0x049C	0x6A39      	CLRF        Lcd_Out_i_L0 
;__Lib_Lcd.c,199 :: 		
L_Lcd_Out18:
0x049E	0x5039      	MOVF        Lcd_Out_i_L0, 0 
0x04A0	0x2437      	ADDWF       FARG_Lcd_Out_text, 0 
0x04A2	0x6EE9      	MOVWF       FSR0L 
0x04A4	0x0E00      	MOVLW       0
0x04A6	0x2038      	ADDWFC      FARG_Lcd_Out_text+1, 0 
0x04A8	0x6EEA      	MOVWF       FSR0L+1 
0x04AA	0x52EE      	MOVF        POSTINC0, 1 
0x04AC	0xE00B      	BZ          L_Lcd_Out19
;__Lib_Lcd.c,200 :: 		
0x04AE	0x5039      	MOVF        Lcd_Out_i_L0, 0 
0x04B0	0x2437      	ADDWF       FARG_Lcd_Out_text, 0 
0x04B2	0x6EE9      	MOVWF       FSR0L 
0x04B4	0x0E00      	MOVLW       0
0x04B6	0x2038      	ADDWFC      FARG_Lcd_Out_text+1, 0 
0x04B8	0x6EEA      	MOVWF       FSR0L+1 
0x04BA	0xF03FCFEE  	MOVFF       POSTINC0, FARG_Lcd_Chr_CP_out_char
0x04BE	0xDEB6      	RCALL       _Lcd_Chr_CP
0x04C0	0x2A39      	INCF        Lcd_Out_i_L0, 1 
0x04C2	0xD7ED      	BRA         L_Lcd_Out18
L_Lcd_Out19:
;__Lib_Lcd.c,201 :: 		
0x04C4	0x8034      	BSF         __Lib_Lcd_cmd_status, BitPos(__Lib_Lcd_cmd_status+0) 
;__Lib_Lcd.c,202 :: 		
L_end_Lcd_Out:
0x04C6	0x0012      	RETURN      0
; end of _Lcd_Out
_Lcd_Out_CP:
;__Lib_Lcd.c,57 :: 		
;__Lib_Lcd.c,59 :: 		
0x04C8	0x6A37      	CLRF        Lcd_Out_CP_i_L0 
;__Lib_Lcd.c,60 :: 		
L_Lcd_Out_CP2:
0x04CA	0x5037      	MOVF        Lcd_Out_CP_i_L0, 0 
0x04CC	0x2435      	ADDWF       FARG_Lcd_Out_CP_text, 0 
0x04CE	0x6EE9      	MOVWF       FSR0L 
0x04D0	0x0E00      	MOVLW       0
0x04D2	0x2036      	ADDWFC      FARG_Lcd_Out_CP_text+1, 0 
0x04D4	0x6EEA      	MOVWF       FSR0L+1 
0x04D6	0x52EE      	MOVF        POSTINC0, 1 
0x04D8	0xE00B      	BZ          L_Lcd_Out_CP3
;__Lib_Lcd.c,61 :: 		
0x04DA	0x5037      	MOVF        Lcd_Out_CP_i_L0, 0 
0x04DC	0x2435      	ADDWF       FARG_Lcd_Out_CP_text, 0 
0x04DE	0x6EE9      	MOVWF       FSR0L 
0x04E0	0x0E00      	MOVLW       0
0x04E2	0x2036      	ADDWFC      FARG_Lcd_Out_CP_text+1, 0 
0x04E4	0x6EEA      	MOVWF       FSR0L+1 
0x04E6	0xF03FCFEE  	MOVFF       POSTINC0, FARG_Lcd_Chr_CP_out_char
0x04EA	0xDEA0      	RCALL       _Lcd_Chr_CP
0x04EC	0x2A37      	INCF        Lcd_Out_CP_i_L0, 1 
;__Lib_Lcd.c,62 :: 		
0x04EE	0xD7ED      	BRA         L_Lcd_Out_CP2
L_Lcd_Out_CP3:
;__Lib_Lcd.c,63 :: 		
L_end_Lcd_Out_CP:
0x04F0	0x0012      	RETURN      0
; end of _Lcd_Out_CP
_IntToStr:
;__Lib_Conversions.c,195 :: 		
;__Lib_Conversions.c,201 :: 		
0x04F2	0x6A3B      	CLRF        IntToStr_negative_L0 
0x04F4	0x6A3C      	CLRF        IntToStr_negative_L0+1 
;__Lib_Conversions.c,202 :: 		
0x04F6	0xF03DC035  	MOVFF       FARG_IntToStr_input, IntToStr_inword_L0
0x04FA	0xF03EC036  	MOVFF       FARG_IntToStr_input+1, IntToStr_inword_L0+1
;__Lib_Conversions.c,203 :: 		
0x04FE	0x0E80      	MOVLW       128
0x0500	0x1836      	XORWF       FARG_IntToStr_input+1, 0 
0x0502	0x6E00      	MOVWF       R0 
0x0504	0x0E80      	MOVLW       128
0x0506	0x5C00      	SUBWF       R0, 0 
0x0508	0xE102      	BNZ         L__IntToStr387
0x050A	0x0E00      	MOVLW       0
0x050C	0x5C35      	SUBWF       FARG_IntToStr_input, 0 
L__IntToStr387:
0x050E	0xE20B      	BC          L_IntToStr37
;__Lib_Conversions.c,204 :: 		
0x0510	0x0E01      	MOVLW       1
0x0512	0x6E3B      	MOVWF       IntToStr_negative_L0 
0x0514	0x0E00      	MOVLW       0
0x0516	0x6E3C      	MOVWF       IntToStr_negative_L0+1 
;__Lib_Conversions.c,205 :: 		
0x0518	0x5035      	MOVF        FARG_IntToStr_input, 0 
0x051A	0x0800      	SUBLW       0
0x051C	0x6E3D      	MOVWF       IntToStr_inword_L0 
0x051E	0xF03EC036  	MOVFF       FARG_IntToStr_input+1, IntToStr_inword_L0+1
0x0522	0x0E00      	MOVLW       0
0x0524	0x563E      	SUBFWB      IntToStr_inword_L0+1, 1 
;__Lib_Conversions.c,206 :: 		
L_IntToStr37:
;__Lib_Conversions.c,207 :: 		
0x0526	0xF03FC03D  	MOVFF       IntToStr_inword_L0, FARG_WordToStr_input
0x052A	0xF040C03E  	MOVFF       IntToStr_inword_L0+1, FARG_WordToStr_input+1
0x052E	0xF041C037  	MOVFF       FARG_IntToStr_output, FARG_WordToStr_output
0x0532	0xF042C038  	MOVFF       FARG_IntToStr_output+1, FARG_WordToStr_output+1
0x0536	0xDE32      	RCALL       _WordToStr
;__Lib_Conversions.c,209 :: 		
0x0538	0x0E06      	MOVLW       6
0x053A	0x6E39      	MOVWF       IntToStr_i_L0 
0x053C	0x0E00      	MOVLW       0
0x053E	0x6E3A      	MOVWF       IntToStr_i_L0+1 
;__Lib_Conversions.c,210 :: 		
L_IntToStr38:
0x0540	0x0E00      	MOVLW       0
0x0542	0x6E00      	MOVWF       R0 
0x0544	0x503A      	MOVF        IntToStr_i_L0+1, 0 
0x0546	0x5C00      	SUBWF       R0, 0 
0x0548	0xE102      	BNZ         L__IntToStr388
0x054A	0x5039      	MOVF        IntToStr_i_L0, 0 
0x054C	0x0800      	SUBLW       0
L__IntToStr388:
0x054E	0xE219      	BC          L_IntToStr39
;__Lib_Conversions.c,211 :: 		
0x0550	0x5039      	MOVF        IntToStr_i_L0, 0 
0x0552	0x2437      	ADDWF       FARG_IntToStr_output, 0 
0x0554	0x6EE1      	MOVWF       FSR1L 
0x0556	0x503A      	MOVF        IntToStr_i_L0+1, 0 
0x0558	0x2038      	ADDWFC      FARG_IntToStr_output+1, 0 
0x055A	0x6EE2      	MOVWF       FSR1L+1 
0x055C	0x0E01      	MOVLW       1
0x055E	0x5C39      	SUBWF       IntToStr_i_L0, 0 
0x0560	0x6E00      	MOVWF       R0 
0x0562	0x0E00      	MOVLW       0
0x0564	0x583A      	SUBWFB      IntToStr_i_L0+1, 0 
0x0566	0x6E01      	MOVWF       R1 
0x0568	0x5000      	MOVF        R0, 0 
0x056A	0x2437      	ADDWF       FARG_IntToStr_output, 0 
0x056C	0x6EE9      	MOVWF       FSR0L 
0x056E	0x5001      	MOVF        R1, 0 
0x0570	0x2038      	ADDWFC      FARG_IntToStr_output+1, 0 
0x0572	0x6EEA      	MOVWF       FSR0L+1 
0x0574	0xFFE6CFEE  	MOVFF       POSTINC0, POSTINC1
;__Lib_Conversions.c,212 :: 		
0x0578	0x0E01      	MOVLW       1
0x057A	0x5E39      	SUBWF       IntToStr_i_L0, 1 
0x057C	0x0E00      	MOVLW       0
0x057E	0x5A3A      	SUBWFB      IntToStr_i_L0+1, 1 
;__Lib_Conversions.c,213 :: 		
0x0580	0xD7DF      	BRA         L_IntToStr38
L_IntToStr39:
;__Lib_Conversions.c,214 :: 		
0x0582	0xFFE1C037  	MOVFF       FARG_IntToStr_output, FSR1L
0x0586	0xFFE2C038  	MOVFF       FARG_IntToStr_output+1, FSR1H
0x058A	0x0E20      	MOVLW       32
0x058C	0x6EE6      	MOVWF       POSTINC1 
;__Lib_Conversions.c,215 :: 		
0x058E	0x503B      	MOVF        IntToStr_negative_L0, 0 
0x0590	0x103C      	IORWF       IntToStr_negative_L0+1, 0 
0x0592	0xE01A      	BZ          L_IntToStr40
;__Lib_Conversions.c,216 :: 		
0x0594	0x6A39      	CLRF        IntToStr_i_L0 
0x0596	0x6A3A      	CLRF        IntToStr_i_L0+1 
;__Lib_Conversions.c,217 :: 		
L_IntToStr41:
0x0598	0x5039      	MOVF        IntToStr_i_L0, 0 
0x059A	0x2437      	ADDWF       FARG_IntToStr_output, 0 
0x059C	0x6EE9      	MOVWF       FSR0L 
0x059E	0x503A      	MOVF        IntToStr_i_L0+1, 0 
0x05A0	0x2038      	ADDWFC      FARG_IntToStr_output+1, 0 
0x05A2	0x6EEA      	MOVWF       FSR0L+1 
0x05A4	0x50EE      	MOVF        POSTINC0, 0 
0x05A6	0x0A20      	XORLW       32
0x05A8	0xE103      	BNZ         L_IntToStr42
0x05AA	0x4A39      	INFSNZ      IntToStr_i_L0, 1 
0x05AC	0x2A3A      	INCF        IntToStr_i_L0+1, 1 
0x05AE	0xD7F4      	BRA         L_IntToStr41
L_IntToStr42:
;__Lib_Conversions.c,218 :: 		
0x05B0	0x0E01      	MOVLW       1
0x05B2	0x5E39      	SUBWF       IntToStr_i_L0, 1 
0x05B4	0x0E00      	MOVLW       0
0x05B6	0x5A3A      	SUBWFB      IntToStr_i_L0+1, 1 
;__Lib_Conversions.c,219 :: 		
0x05B8	0x5039      	MOVF        IntToStr_i_L0, 0 
0x05BA	0x2437      	ADDWF       FARG_IntToStr_output, 0 
0x05BC	0x6EE1      	MOVWF       FSR1L 
0x05BE	0x503A      	MOVF        IntToStr_i_L0+1, 0 
0x05C0	0x2038      	ADDWFC      FARG_IntToStr_output+1, 0 
0x05C2	0x6EE2      	MOVWF       FSR1L+1 
0x05C4	0x0E2D      	MOVLW       45
0x05C6	0x6EE6      	MOVWF       POSTINC1 
L_IntToStr40:
;__Lib_Conversions.c,220 :: 		
L_end_IntToStr:
0x05C8	0x0012      	RETURN      0
; end of _IntToStr
_Mul_32x32_FP:
;__Lib_MathDouble.c,1130 :: 		
;__Lib_MathDouble.c,1148 :: 		
0x05CA	0x6A08      	CLRF        R8, 0
;__Lib_MathDouble.c,1149 :: 		
0x05CC	0x6A09      	CLRF        R9, 0
;__Lib_MathDouble.c,1151 :: 		
0x05CE	0x0E00      	MOVLW       0
;__Lib_MathDouble.c,1152 :: 		
0x05D0	0x6207      	CPFSEQ      R7, 0
;__Lib_MathDouble.c,1153 :: 		
0x05D2	0x6403      	CPFSGT      R3, 0
;__Lib_MathDouble.c,1154 :: 		
0x05D4	0xF003EF6A  	GOTO        MULJPRES032
;__Lib_MathDouble.c,1157 :: 		
0x05D8	0x5002      	MOVF        R2, 0, 0
;__Lib_MathDouble.c,1158 :: 		
0x05DA	0x1806      	XORWF       R6, 0, 0
;__Lib_MathDouble.c,1159 :: 		
0x05DC	0x6E0A      	MOVWF       R10, 0
;__Lib_MathDouble.c,1161 :: 		
0x05DE	0x5007      	MOVF        R7, 0, 0
;__Lib_MathDouble.c,1162 :: 		
0x05E0	0x2603      	ADDWF       R3, 1, 0
;__Lib_MathDouble.c,1163 :: 		
0x05E2	0x0E7E      	MOVLW       126
;__Lib_MathDouble.c,1164 :: 		
0x05E4	0xA0D8      	BTFSS       STATUS, 0, 0
;__Lib_MathDouble.c,1165 :: 		
0x05E6	0xF002EFFB  	GOTO        MTUN32
;__Lib_MathDouble.c,1167 :: 		
0x05EA	0x5E03      	SUBWF       R3, 1, 0
;__Lib_MathDouble.c,1168 :: 		
0x05EC	0xB0D8      	BTFSC       STATUS, 0, 0
;__Lib_MathDouble.c,1169 :: 		
0x05EE	0xF003EF6E  	GOTO        MULJPSETFOV32
;__Lib_MathDouble.c,1170 :: 		
0x05F2	0xF002EFFF  	GOTO        MOK32
;__Lib_MathDouble.c,1172 :: 		
MTUN32:
;__Lib_MathDouble.c,1173 :: 		
0x05F6	0x5E03      	SUBWF       R3, 1, 0
;__Lib_MathDouble.c,1174 :: 		
0x05F8	0xA0D8      	BTFSS       STATUS, 0, 0
;__Lib_MathDouble.c,1175 :: 		
0x05FA	0xF003EF72  	GOTO        MULJPSETFUN32
;__Lib_MathDouble.c,1177 :: 		
MOK32:
;__Lib_MathDouble.c,1178 :: 		
0x05FE	0x8E02      	BSF         R2, 7, 0
;__Lib_MathDouble.c,1179 :: 		
0x0600	0x8E06      	BSF         R6, 7, 0
;__Lib_MathDouble.c,1181 :: 		
0x0602	0xF00EC002  	MOVFF       R2, R14
;__Lib_MathDouble.c,1182 :: 		
0x0606	0xF00BC001  	MOVFF       R1, R11
;__Lib_MathDouble.c,1183 :: 		
0x060A	0xF00DC000  	MOVFF       R0, R13
;__Lib_MathDouble.c,1185 :: 		
0x060E	0x5000      	MOVF        R0, 0, 0
;__Lib_MathDouble.c,1186 :: 		
0x0610	0x0204      	MULWF       R4, 0
;__Lib_MathDouble.c,1187 :: 		
0x0612	0xF00CCFF4  	MOVFF       PRODH, R12
;__Lib_MathDouble.c,1189 :: 		
0x0616	0x5001      	MOVF        R1, 0, 0
;__Lib_MathDouble.c,1190 :: 		
0x0618	0x0205      	MULWF       R5, 0
;__Lib_MathDouble.c,1191 :: 		
0x061A	0xF000CFF4  	MOVFF       PRODH, R0
;__Lib_MathDouble.c,1192 :: 		
0x061E	0xF008CFF3  	MOVFF       PRODL, R8
;__Lib_MathDouble.c,1194 :: 		
0x0622	0x0204      	MULWF       R4, 0
;__Lib_MathDouble.c,1195 :: 		
0x0624	0x50F3      	MOVF        PRODL, 0, 0
;__Lib_MathDouble.c,1196 :: 		
0x0626	0x260C      	ADDWF       R12, 1, 0
;__Lib_MathDouble.c,1197 :: 		
0x0628	0x50F4      	MOVF        PRODH, 0, 0
;__Lib_MathDouble.c,1198 :: 		
0x062A	0x2208      	ADDWFC      R8, 1, 0
;__Lib_MathDouble.c,1199 :: 		
0x062C	0x0E00      	MOVLW       0
;__Lib_MathDouble.c,1200 :: 		
0x062E	0x2200      	ADDWFC      R0, 1, 0
;__Lib_MathDouble.c,1202 :: 		
0x0630	0x500D      	MOVF        R13, 0, 0
;__Lib_MathDouble.c,1203 :: 		
0x0632	0x0205      	MULWF       R5, 0
;__Lib_MathDouble.c,1204 :: 		
0x0634	0x50F3      	MOVF        PRODL, 0, 0
;__Lib_MathDouble.c,1205 :: 		
0x0636	0x260C      	ADDWF       R12, 1, 0
;__Lib_MathDouble.c,1206 :: 		
0x0638	0x50F4      	MOVF        PRODH, 0, 0
;__Lib_MathDouble.c,1207 :: 		
0x063A	0x2208      	ADDWFC      R8, 1, 0
;__Lib_MathDouble.c,1208 :: 		
0x063C	0x0E00      	MOVLW       0
;__Lib_MathDouble.c,1209 :: 		
0x063E	0x2200      	ADDWFC      R0, 1, 0
;__Lib_MathDouble.c,1211 :: 		
0x0640	0x5002      	MOVF        R2, 0, 0
;__Lib_MathDouble.c,1212 :: 		
0x0642	0x0204      	MULWF       R4, 0
;__Lib_MathDouble.c,1213 :: 		
0x0644	0x50F3      	MOVF        PRODL, 0, 0
;__Lib_MathDouble.c,1214 :: 		
0x0646	0x2608      	ADDWF       R8, 1, 0
;__Lib_MathDouble.c,1215 :: 		
0x0648	0x50F4      	MOVF        PRODH, 0, 0
;__Lib_MathDouble.c,1216 :: 		
0x064A	0x2200      	ADDWFC      R0, 1, 0
;__Lib_MathDouble.c,1217 :: 		
0x064C	0x5002      	MOVF        R2, 0, 0
;__Lib_MathDouble.c,1218 :: 		
0x064E	0x0205      	MULWF       R5, 0
;__Lib_MathDouble.c,1219 :: 		
0x0650	0x6A01      	CLRF        R1, 0
;__Lib_MathDouble.c,1220 :: 		
0x0652	0x0E00      	MOVLW       0
;__Lib_MathDouble.c,1221 :: 		
0x0654	0x2201      	ADDWFC      R1, 1, 0
;__Lib_MathDouble.c,1222 :: 		
0x0656	0x50F3      	MOVF        PRODL, 0, 0
;__Lib_MathDouble.c,1223 :: 		
0x0658	0x2600      	ADDWF       R0, 1, 0
;__Lib_MathDouble.c,1224 :: 		
0x065A	0x50F4      	MOVF        PRODH, 0, 0
;__Lib_MathDouble.c,1225 :: 		
0x065C	0x2201      	ADDWFC      R1, 1, 0
;__Lib_MathDouble.c,1227 :: 		
0x065E	0x500D      	MOVF        R13, 0, 0
;__Lib_MathDouble.c,1228 :: 		
0x0660	0x0206      	MULWF       R6, 0
;__Lib_MathDouble.c,1229 :: 		
0x0662	0x50F3      	MOVF        PRODL, 0, 0
;__Lib_MathDouble.c,1230 :: 		
0x0664	0x2608      	ADDWF       R8, 1, 0
;__Lib_MathDouble.c,1231 :: 		
0x0666	0x50F4      	MOVF        PRODH, 0, 0
;__Lib_MathDouble.c,1232 :: 		
0x0668	0x2200      	ADDWFC      R0, 1, 0
;__Lib_MathDouble.c,1233 :: 		
0x066A	0x6A02      	CLRF        R2, 0
;__Lib_MathDouble.c,1234 :: 		
0x066C	0x0E00      	MOVLW       0
;__Lib_MathDouble.c,1235 :: 		
0x066E	0x2201      	ADDWFC      R1, 1, 0
;__Lib_MathDouble.c,1236 :: 		
0x0670	0x2202      	ADDWFC      R2, 1, 0
;__Lib_MathDouble.c,1238 :: 		
0x0672	0x500B      	MOVF        R11, 0, 0
;__Lib_MathDouble.c,1239 :: 		
0x0674	0x0206      	MULWF       R6, 0
;__Lib_MathDouble.c,1240 :: 		
0x0676	0x50F3      	MOVF        PRODL, 0, 0
;__Lib_MathDouble.c,1241 :: 		
0x0678	0x2600      	ADDWF       R0, 1, 0
;__Lib_MathDouble.c,1242 :: 		
0x067A	0x50F4      	MOVF        PRODH, 0, 0
;__Lib_MathDouble.c,1243 :: 		
0x067C	0x2201      	ADDWFC      R1, 1, 0
;__Lib_MathDouble.c,1244 :: 		
0x067E	0x0E00      	MOVLW       0
;__Lib_MathDouble.c,1245 :: 		
0x0680	0x2202      	ADDWFC      R2, 1, 0
;__Lib_MathDouble.c,1247 :: 		
0x0682	0x500E      	MOVF        R14, 0, 0
;__Lib_MathDouble.c,1248 :: 		
0x0684	0x0206      	MULWF       R6, 0
;__Lib_MathDouble.c,1249 :: 		
0x0686	0x50F3      	MOVF        PRODL, 0, 0
;__Lib_MathDouble.c,1250 :: 		
0x0688	0x2601      	ADDWF       R1, 1, 0
;__Lib_MathDouble.c,1251 :: 		
0x068A	0x50F4      	MOVF        PRODH, 0, 0
;__Lib_MathDouble.c,1252 :: 		
0x068C	0x2202      	ADDWFC      R2, 1, 0
;__Lib_MathDouble.c,1254 :: 		
0x068E	0xBE02      	BTFSC       R2, 7, 0
;__Lib_MathDouble.c,1255 :: 		
0x0690	0xF003EF52  	GOTO        MROUND32
;__Lib_MathDouble.c,1256 :: 		
0x0694	0x3608      	RLCF        R8, 1, 0
;__Lib_MathDouble.c,1257 :: 		
0x0696	0x3600      	RLCF        R0, 1, 0
;__Lib_MathDouble.c,1258 :: 		
0x0698	0x3601      	RLCF        R1, 1, 0
;__Lib_MathDouble.c,1259 :: 		
0x069A	0x3602      	RLCF        R2, 1, 0
;__Lib_MathDouble.c,1260 :: 		
0x069C	0x0603      	DECF        R3, 1, 0
;__Lib_MathDouble.c,1261 :: 		
0x069E	0xB4D8      	BTFSC       STATUS, 2, 0
;__Lib_MathDouble.c,1262 :: 		
0x06A0	0xF003EF72  	GOTO        MULJPSETFUN32
;__Lib_MathDouble.c,1264 :: 		
MROUND32:
;__Lib_MathDouble.c,1267 :: 		
0x06A4	0xF003EF65  	GOTO        MUL32OK
;__Lib_MathDouble.c,1268 :: 		
0x06A8	0x80D8      	BSF         STATUS, 0, 0
;__Lib_MathDouble.c,1269 :: 		
0x06AA	0x0E80      	MOVLW       128
;__Lib_MathDouble.c,1270 :: 		
0x06AC	0x6408      	CPFSGT      R8, 0
;__Lib_MathDouble.c,1271 :: 		
0x06AE	0x3000      	RRCF        R0, 0, 0
;__Lib_MathDouble.c,1272 :: 		
0x06B0	0x0E00      	MOVLW       0
;__Lib_MathDouble.c,1273 :: 		
0x06B2	0x2200      	ADDWFC      R0, 1, 0
;__Lib_MathDouble.c,1274 :: 		
0x06B4	0x2201      	ADDWFC      R1, 1, 0
;__Lib_MathDouble.c,1275 :: 		
0x06B6	0x2202      	ADDWFC      R2, 1, 0
;__Lib_MathDouble.c,1277 :: 		
0x06B8	0xA0D8      	BTFSS       STATUS, 0, 0
;__Lib_MathDouble.c,1278 :: 		
0x06BA	0xF003EF65  	GOTO        MUL32OK
;__Lib_MathDouble.c,1279 :: 		
0x06BE	0x3202      	RRCF        R2, 1, 0
;__Lib_MathDouble.c,1280 :: 		
0x06C0	0x3201      	RRCF        R1, 1, 0
;__Lib_MathDouble.c,1281 :: 		
0x06C2	0x3200      	RRCF        R0, 1, 0
;__Lib_MathDouble.c,1282 :: 		
0x06C4	0x4A03      	INFSNZ      R3, 1, 0
;__Lib_MathDouble.c,1283 :: 		
0x06C6	0xF003EF6E  	GOTO        MULJPSETFOV32
;__Lib_MathDouble.c,1285 :: 		
MUL32OK:
;__Lib_MathDouble.c,1286 :: 		
0x06CA	0xAE0A      	BTFSS       R10, 7, 0
;__Lib_MathDouble.c,1287 :: 		
0x06CC	0x9E02      	BCF         R2, 7, 0
;__Lib_MathDouble.c,1289 :: 		
0x06CE	0x0E00      	MOVLW       0
;__Lib_MathDouble.c,1290 :: 		
0x06D0	0xF003EF74  	GOTO        MULEEE
;__Lib_MathDouble.c,1291 :: 		
MULJPRES032:
;__Lib_MathDouble.c,1292 :: 		
0x06D4	0x0E01      	MOVLW       1
;__Lib_MathDouble.c,1295 :: 		
0x06D6	0xDCE1      	RCALL       _RES032
;__Lib_MathDouble.c,1297 :: 		
0x06D8	0xF003EF74  	GOTO        MULEEE
;__Lib_MathDouble.c,1298 :: 		
MULJPSETFOV32:
;__Lib_MathDouble.c,1299 :: 		
0x06DC	0x0E02      	MOVLW       2
;__Lib_MathDouble.c,1302 :: 		
0x06DE	0xDDE5      	RCALL       _SETFOV32
;__Lib_MathDouble.c,1304 :: 		
0x06E0	0xF003EF74  	GOTO        MULEEE
;__Lib_MathDouble.c,1305 :: 		
MULJPSETFUN32:
;__Lib_MathDouble.c,1306 :: 		
0x06E4	0x0E04      	MOVLW       4
;__Lib_MathDouble.c,1309 :: 		
0x06E6	0xDCAD      	RCALL       _SETFUN32
;__Lib_MathDouble.c,1311 :: 		
MULEEE:
;__Lib_MathDouble.c,1318 :: 		
L_end_Mul_32x32_FP:
0x06E8	0x0012      	RETURN      0
; end of _Mul_32x32_FP
_double2word:
;__Lib_MathDouble.c,2023 :: 		
;__Lib_MathDouble.c,2032 :: 		
0x06EA	0x6A0B      	CLRF        R11, 0
;__Lib_MathDouble.c,2033 :: 		
0x06EC	0x6A0C      	CLRF        R12, 0
;__Lib_MathDouble.c,2034 :: 		
0x06EE	0x6A0A      	CLRF        R10, 0
;__Lib_MathDouble.c,2036 :: 		
0x06F0	0x5003      	MOVF        R3, 0, 0
;__Lib_MathDouble.c,2037 :: 		
0x06F2	0xB4D8      	BTFSC       STATUS, 2, 0
;__Lib_MathDouble.c,2038 :: 		
0x06F4	0xF003EFBF  	GOTO        IRES016U
;__Lib_MathDouble.c,2040 :: 		
0x06F8	0x8E02      	BSF         R2, 7, 0
;__Lib_MathDouble.c,2042 :: 		
0x06FA	0x0E8E      	MOVLW       142
;__Lib_MathDouble.c,2043 :: 		
0x06FC	0x5E03      	SUBWF       R3, 1, 0
;__Lib_MathDouble.c,2044 :: 		
0x06FE	0xBE03      	BTFSC       R3, 7, 0
;__Lib_MathDouble.c,2045 :: 		
0x0700	0xF003EF87  	GOTO        SETEXP16U
;__Lib_MathDouble.c,2046 :: 		
0x0704	0xB4D8      	BTFSC       STATUS, 2, 0
;__Lib_MathDouble.c,2047 :: 		
0x0706	0xF003EF87  	GOTO        SETEXP16U
;__Lib_MathDouble.c,2048 :: 		
0x070A	0xF003EFC3  	GOTO        SETIOV16U
;__Lib_MathDouble.c,2049 :: 		
SETEXP16U:
;__Lib_MathDouble.c,2050 :: 		
0x070E	0x6C03      	NEGF        R3, 0
;__Lib_MathDouble.c,2052 :: 		
0x0710	0x0E08      	MOVLW       8
;__Lib_MathDouble.c,2053 :: 		
0x0712	0x5C03      	SUBWF       R3, 0, 0
;__Lib_MathDouble.c,2054 :: 		
0x0714	0xA0D8      	BTFSS       STATUS, 0, 0
;__Lib_MathDouble.c,2055 :: 		
0x0716	0xF003EF9E  	GOTO        TSHIFT3216U
;__Lib_MathDouble.c,2056 :: 		
0x071A	0x6E03      	MOVWF       R3, 0
;__Lib_MathDouble.c,2057 :: 		
0x071C	0x3601      	RLCF        R1, 1, 0
;__Lib_MathDouble.c,2058 :: 		
0x071E	0xF001C002  	MOVFF       R2, R1
;__Lib_MathDouble.c,2059 :: 		
0x0722	0x6A02      	CLRF        R2, 0
;__Lib_MathDouble.c,2061 :: 		
0x0724	0x0E08      	MOVLW       8
;__Lib_MathDouble.c,2062 :: 		
0x0726	0x5C03      	SUBWF       R3, 0, 0
;__Lib_MathDouble.c,2063 :: 		
0x0728	0xA0D8      	BTFSS       STATUS, 0, 0
;__Lib_MathDouble.c,2064 :: 		
0x072A	0xF003EF9E  	GOTO        TSHIFT3216U
;__Lib_MathDouble.c,2065 :: 		
0x072E	0x3601      	RLCF        R1, 1, 0
;__Lib_MathDouble.c,2066 :: 		
0x0730	0x6A01      	CLRF        R1, 0
;__Lib_MathDouble.c,2068 :: 		
0x0732	0x5003      	MOVF        R3, 0, 0
;__Lib_MathDouble.c,2069 :: 		
0x0734	0xA4D8      	BTFSS       STATUS, 2, 0
;__Lib_MathDouble.c,2070 :: 		
0x0736	0x90D8      	BCF         STATUS, 0, 0
;__Lib_MathDouble.c,2071 :: 		
0x0738	0xF003EFA8  	GOTO        SHIFT3216UOK
;__Lib_MathDouble.c,2072 :: 		
TSHIFT3216U:
;__Lib_MathDouble.c,2073 :: 		
0x073C	0x5003      	MOVF        R3, 0, 0
;__Lib_MathDouble.c,2074 :: 		
0x073E	0xB4D8      	BTFSC       STATUS, 2, 0
;__Lib_MathDouble.c,2075 :: 		
0x0740	0xF003EFA8  	GOTO        SHIFT3216UOK
;__Lib_MathDouble.c,2076 :: 		
SHIFT3216U:
;__Lib_MathDouble.c,2077 :: 		
0x0744	0x90D8      	BCF         STATUS, 0, 0
;__Lib_MathDouble.c,2078 :: 		
0x0746	0x3202      	RRCF        R2, 1, 0
;__Lib_MathDouble.c,2079 :: 		
0x0748	0x3201      	RRCF        R1, 1, 0
;__Lib_MathDouble.c,2080 :: 		
0x074A	0x2E03      	DECFSZ      R3, 1, 0
;__Lib_MathDouble.c,2081 :: 		
0x074C	0xF003EFA2  	GOTO        SHIFT3216U
;__Lib_MathDouble.c,2082 :: 		
SHIFT3216UOK:
;__Lib_MathDouble.c,2083 :: 		
0x0750	0xBC0B      	BTFSC       R11, 6, 0
;__Lib_MathDouble.c,2084 :: 		
0x0752	0xA001      	BTFSS       R1, 0, 0
;__Lib_MathDouble.c,2085 :: 		
0x0754	0xF003EFB5  	GOTO        INT3216UOK
;__Lib_MathDouble.c,2086 :: 		
0x0758	0xA0D8      	BTFSS       STATUS, 0, 0
;__Lib_MathDouble.c,2087 :: 		
0x075A	0xF003EFB5  	GOTO        INT3216UOK
;__Lib_MathDouble.c,2088 :: 		
0x075E	0x2A01      	INCF        R1, 1, 0
;__Lib_MathDouble.c,2089 :: 		
0x0760	0xB4D8      	BTFSC       STATUS, 2, 0
;__Lib_MathDouble.c,2090 :: 		
0x0762	0x2A02      	INCF        R2, 1, 0
;__Lib_MathDouble.c,2091 :: 		
0x0764	0xBE02      	BTFSC       R2, 7, 0
;__Lib_MathDouble.c,2092 :: 		
0x0766	0xF003EFD2  	GOTO        JPKSETIOV3224
;__Lib_MathDouble.c,2093 :: 		
INT3216UOK:
;__Lib_MathDouble.c,2094 :: 		
0x076A	0xAE0A      	BTFSS       R10, 7, 0
;__Lib_MathDouble.c,2095 :: 		
0x076C	0xF003EFD7  	GOTO        INT3216UEOK
;__Lib_MathDouble.c,2097 :: 		
0x0770	0x1E02      	COMF        R2, 1, 0
;__Lib_MathDouble.c,2098 :: 		
0x0772	0x1E01      	COMF        R1, 1, 0
;__Lib_MathDouble.c,2099 :: 		
0x0774	0x2A01      	INCF        R1, 1, 0
;__Lib_MathDouble.c,2100 :: 		
0x0776	0xB4D8      	BTFSC       STATUS, 2, 0
;__Lib_MathDouble.c,2101 :: 		
0x0778	0x2A02      	INCF        R2, 1, 0
;__Lib_MathDouble.c,2102 :: 		
0x077A	0xF003EFD7  	GOTO        INT3216UEOK
;__Lib_MathDouble.c,2104 :: 		
IRES016U:
;__Lib_MathDouble.c,2105 :: 		
0x077E	0x6A02      	CLRF        R2, 0
;__Lib_MathDouble.c,2106 :: 		
0x0780	0x6A01      	CLRF        R1, 0
;__Lib_MathDouble.c,2107 :: 		
0x0782	0xF003EFD7  	GOTO        INT3216UEOK
;__Lib_MathDouble.c,2108 :: 		
SETIOV16U:
;__Lib_MathDouble.c,2109 :: 		
0x0786	0x800B      	BSF         R11, 0, 0
;__Lib_MathDouble.c,2110 :: 		
0x0788	0xAE0B      	BTFSS       R11, 7, 0
;__Lib_MathDouble.c,2111 :: 		
0x078A	0xF003EFDB  	GOTO        INT3216UEER
;__Lib_MathDouble.c,2113 :: 		
0x078E	0x6A02      	CLRF        R2, 0
;__Lib_MathDouble.c,2114 :: 		
0x0790	0xAE0A      	BTFSS       R10, 7, 0
;__Lib_MathDouble.c,2115 :: 		
0x0792	0xF003EFDB  	GOTO        INT3216UEER
;__Lib_MathDouble.c,2116 :: 		
0x0796	0x0EFF      	MOVLW       255
;__Lib_MathDouble.c,2117 :: 		
0x0798	0x6E02      	MOVWF       R2, 0
;__Lib_MathDouble.c,2118 :: 		
0x079A	0x6E01      	MOVWF       R1, 0
;__Lib_MathDouble.c,2119 :: 		
0x079C	0x360A      	RLCF        R10, 1, 0
;__Lib_MathDouble.c,2120 :: 		
0x079E	0x3202      	RRCF        R2, 1, 0
;__Lib_MathDouble.c,2121 :: 		
0x07A0	0xF003EFDB  	GOTO        INT3216UEER
;__Lib_MathDouble.c,2123 :: 		
JPKSETIOV3224:
;__Lib_MathDouble.c,2124 :: 		
0x07A4	0x0E01      	MOVLW       1
;__Lib_MathDouble.c,2125 :: 		
0x07A6	0x6E0C      	MOVWF       R12, 0
;__Lib_MathDouble.c,2127 :: 		
0x07A8	0xDCE5      	RCALL       _SETIOV3224
;__Lib_MathDouble.c,2129 :: 		
0x07AA	0xF003EFDD  	GOTO        INT3216UEEE
;__Lib_MathDouble.c,2130 :: 		
INT3216UEOK:
;__Lib_MathDouble.c,2131 :: 		
0x07AE	0x0E00      	MOVLW       0
;__Lib_MathDouble.c,2132 :: 		
0x07B0	0x6E0C      	MOVWF       R12, 0
;__Lib_MathDouble.c,2133 :: 		
0x07B2	0xF003EFDD  	GOTO        INT3216UEEE
;__Lib_MathDouble.c,2134 :: 		
INT3216UEER:
;__Lib_MathDouble.c,2135 :: 		
0x07B6	0x0EFF      	MOVLW       255
;__Lib_MathDouble.c,2136 :: 		
0x07B8	0x6E0C      	MOVWF       R12, 0
;__Lib_MathDouble.c,2137 :: 		
INT3216UEEE:
;__Lib_MathDouble.c,2138 :: 		
0x07BA	0x5001      	MOVF        R1, 0, 0
;__Lib_MathDouble.c,2139 :: 		
0x07BC	0x6E00      	MOVWF       R0, 0
;__Lib_MathDouble.c,2140 :: 		
0x07BE	0x5002      	MOVF        R2, 0, 0
;__Lib_MathDouble.c,2141 :: 		
0x07C0	0x6E01      	MOVWF       R1, 0
;__Lib_MathDouble.c,2146 :: 		
L_end_double2word:
0x07C2	0x0012      	RETURN      0
; end of _double2word
_PWM1_Set_Duty:
;__Lib_PWM_c21.c,42 :: 		
;__Lib_PWM_c21.c,46 :: 		
0x07C4	0x50CB      	MOVF        PR2, 0 
0x07C6	0x0F01      	ADDLW       1
0x07C8	0x6E00      	MOVWF       R0 
0x07CA	0x6A01      	CLRF        R1 
0x07CC	0x0E00      	MOVLW       0
0x07CE	0x2201      	ADDWFC      R1, 1 
0x07D0	0xF004C035  	MOVFF       FARG_PWM1_Set_Duty_new_duty, R4
0x07D4	0x0E00      	MOVLW       0
0x07D6	0x6E05      	MOVWF       R5 
0x07D8	0xDCA5      	RCALL       _Mul_16X16_U
0x07DA	0x0E06      	MOVLW       6
0x07DC	0x6E02      	MOVWF       R2 
0x07DE	0xF004C000  	MOVFF       R0, R4
0x07E2	0xF005C001  	MOVFF       R1, R5
0x07E6	0x5002      	MOVF        R2, 0 
L__PWM1_Set_Duty10:
0x07E8	0xE005      	BZ          L__PWM1_Set_Duty11
0x07EA	0x3205      	RRCF        R5, 1 
0x07EC	0x3204      	RRCF        R4, 1 
0x07EE	0x9E05      	BCF         R5, 7 
0x07F0	0x0FFF      	ADDLW       255
0x07F2	0xD7FA      	BRA         L__PWM1_Set_Duty10
L__PWM1_Set_Duty11:
;__Lib_PWM_c21.c,47 :: 		
0x07F4	0x0E04      	MOVLW       4
0x07F6	0x6E01      	MOVWF       R1 
0x07F8	0xF000C004  	MOVFF       R4, R0
0x07FC	0x5001      	MOVF        R1, 0 
L__PWM1_Set_Duty12:
0x07FE	0xE004      	BZ          L__PWM1_Set_Duty13
0x0800	0x3600      	RLCF        R0, 1 
0x0802	0x9000      	BCF         R0, 0 
0x0804	0x0FFF      	ADDLW       255
0x0806	0xD7FB      	BRA         L__PWM1_Set_Duty12
L__PWM1_Set_Duty13:
0x0808	0x0E30      	MOVLW       48
0x080A	0x1400      	ANDWF       R0, 0 
0x080C	0x6E03      	MOVWF       R3 
;__Lib_PWM_c21.c,48 :: 		
0x080E	0xF000C004  	MOVFF       R4, R0
0x0812	0xF001C005  	MOVFF       R5, R1
0x0816	0x3201      	RRCF        R1, 1 
0x0818	0x3200      	RRCF        R0, 1 
0x081A	0x9E01      	BCF         R1, 7 
0x081C	0x3201      	RRCF        R1, 1 
0x081E	0x3200      	RRCF        R0, 1 
0x0820	0x9E01      	BCF         R1, 7 
0x0822	0xFFBEC000  	MOVFF       R0, CCPR1L
;__Lib_PWM_c21.c,49 :: 		
0x0826	0x0E0F      	MOVLW       15
0x0828	0x16BD      	ANDWF       CCP1CON, 1 
;__Lib_PWM_c21.c,50 :: 		
0x082A	0x5003      	MOVF        R3, 0 
0x082C	0x12BD      	IORWF       CCP1CON, 1 
;__Lib_PWM_c21.c,51 :: 		
L_end_PWM1_Set_Duty:
0x082E	0x0012      	RETURN      0
; end of _PWM1_Set_Duty
_main:
0x0830	0xF005EC0C  	CALL        2584, 0
;Codigo_6.c,32 :: 		void main (){
;Codigo_6.c,37 :: 		PORTA = 255;
0x0834	0x0EFF      	MOVLW       255
0x0836	0x6E80      	MOVWF       PORTA 
;Codigo_6.c,38 :: 		TRISA = 255;                 // Configura PORTA pins como entrada
0x0838	0x0EFF      	MOVLW       255
0x083A	0x6E92      	MOVWF       TRISA 
;Codigo_6.c,40 :: 		ADCON0 = 0b00000001;  // Configura conversor A/D Canal 0, converso desligada, A/D ligado.
0x083C	0x0E01      	MOVLW       1
0x083E	0x6EC2      	MOVWF       ADCON0 
;Codigo_6.c,41 :: 		ADCON1 = 0b11001110;  // Configura todos canais como Digital menos AN0 e REF Interna.
0x0840	0x0ECE      	MOVLW       206
0x0842	0x6EC1      	MOVWF       ADCON1 
;Codigo_6.c,42 :: 		ADCON2 = 0b10111110;  // Configura conversor A/D para resultado justificado a direita, tempo de converso de 20 TAD, clock de Fosc/64.
0x0844	0x0EBE      	MOVLW       190
0x0846	0x6EC0      	MOVWF       ADCON2 
;Codigo_6.c,45 :: 		PWM1_Init(5000);      // Inicializa mdulo PWM com 5Khz
0x0848	0x80CA      	BSF         T2CON, 0, 0
0x084A	0x92CA      	BCF         T2CON, 1, 0
0x084C	0x0E63      	MOVLW       99
0x084E	0x6ECB      	MOVWF       PR2, 0
0x0850	0xDD4C      	RCALL       _PWM1_Init
;Codigo_6.c,46 :: 		PWM1_Start();         // Start PWM
0x0852	0xDD57      	RCALL       _PWM1_Start
;Codigo_6.c,49 :: 		Lcd_Init();                               //Inicializa mdulo LCD
0x0854	0xDD7A      	RCALL       _Lcd_Init
;Codigo_6.c,50 :: 		Lcd_Cmd(_LCD_CURSOR_OFF);                 //Apaga cursor
0x0856	0x0E0C      	MOVLW       12
0x0858	0x6E46      	MOVWF       FARG_Lcd_Cmd_out_char 
0x085A	0xDC26      	RCALL       _Lcd_Cmd
;Codigo_6.c,51 :: 		Lcd_Cmd(_LCD_CLEAR);                      //Limpa display
0x085C	0x0E01      	MOVLW       1
0x085E	0x6E46      	MOVWF       FARG_Lcd_Cmd_out_char 
0x0860	0xDC23      	RCALL       _Lcd_Cmd
;Codigo_6.c,52 :: 		CMCON = 0b00000111;//DESABILITA COMPARADORES INTERNOS
0x0862	0x0E07      	MOVLW       7
0x0864	0x6EB4      	MOVWF       CMCON 
;Codigo_6.c,55 :: 		TRISB.RB0 = 0;
0x0866	0x9093      	BCF         TRISB, 0 
;Codigo_6.c,56 :: 		TRISB.RB1 = 0;
0x0868	0x9293      	BCF         TRISB, 1 
;Codigo_6.c,57 :: 		TRISB.RB2 = 0;
0x086A	0x9493      	BCF         TRISB, 2 
;Codigo_6.c,58 :: 		TRISB.RB3 = 0;
0x086C	0x9693      	BCF         TRISB, 3 
;Codigo_6.c,59 :: 		TRISB.RB4 = 0;
0x086E	0x9893      	BCF         TRISB, 4 
;Codigo_6.c,60 :: 		TRISB.RB5 = 0;
0x0870	0x9A93      	BCF         TRISB, 5 
;Codigo_6.c,61 :: 		TRISB.RB6 = 0;
0x0872	0x9C93      	BCF         TRISB, 6 
;Codigo_6.c,62 :: 		TRISB.RB7 = 0;
0x0874	0x9E93      	BCF         TRISB, 7 
;Codigo_6.c,64 :: 		while(1){   // Aqui Definimos Uma Condio Sempre Verdadeira Como Parametro, Portanto Todo O Bloco Ser Repetido Indefinidamente.
L_main0:
;Codigo_6.c,66 :: 		uiValorAD = ADC_Read(0);     // L Canal AD 0
0x0876	0x6A35      	CLRF        FARG_ADC_Read_channel 
0x0878	0xDD49      	RCALL       _ADC_Read
;Codigo_6.c,67 :: 		pot1 = uiValorAD;
0x087A	0xF017C000  	MOVFF       R0, _pot1
0x087E	0xF018C001  	MOVFF       R1, _pot1+1
;Codigo_6.c,69 :: 		duty_cycle = pot1 * 0.24;            // Converte valor para o duty cycle
0x0882	0xDD1F      	RCALL       _word2double
0x0884	0x0E8F      	MOVLW       143
0x0886	0x6E04      	MOVWF       R4 
0x0888	0x0EC2      	MOVLW       194
0x088A	0x6E05      	MOVWF       R5 
0x088C	0x0E75      	MOVLW       117
0x088E	0x6E06      	MOVWF       R6 
0x0890	0x0E7C      	MOVLW       124
0x0892	0x6E07      	MOVWF       R7 
0x0894	0xDE9A      	RCALL       _Mul_32x32_FP
0x0896	0xDF29      	RCALL       _double2word
0x0898	0xF015C000  	MOVFF       R0, _duty_cycle
0x089C	0xF016C001  	MOVFF       R1, _duty_cycle+1
;Codigo_6.c,70 :: 		PWM1_Set_Duty(duty_cycle);   		// Envia o valor lido de "duty_cycle" para o mdulo CCP1 pwm
0x08A0	0xF035C000  	MOVFF       R0, FARG_PWM1_Set_Duty_new_duty
0x08A4	0xDF8F      	RCALL       _PWM1_Set_Duty
;Codigo_6.c,72 :: 		IntToStr (pot1, pot1_string);
0x08A6	0xF035C017  	MOVFF       _pot1, FARG_IntToStr_input
0x08AA	0xF036C018  	MOVFF       _pot1+1, FARG_IntToStr_input+1
0x08AE	0x0E24      	MOVLW       _pot1_string
0x08B0	0x6E37      	MOVWF       FARG_IntToStr_output 
0x08B2	0x0E00      	MOVLW       hi_addr(_pot1_string)
0x08B4	0x6E38      	MOVWF       FARG_IntToStr_output+1 
0x08B6	0xDE1D      	RCALL       _IntToStr
;Codigo_6.c,73 :: 		IntToStr (duty_cycle, char_duty_cycle);
0x08B8	0xF035C015  	MOVFF       _duty_cycle, FARG_IntToStr_input
0x08BC	0xF036C016  	MOVFF       _duty_cycle+1, FARG_IntToStr_input+1
0x08C0	0x0E2C      	MOVLW       _char_duty_cycle
0x08C2	0x6E37      	MOVWF       FARG_IntToStr_output 
0x08C4	0x0E00      	MOVLW       hi_addr(_char_duty_cycle)
0x08C6	0x6E38      	MOVWF       FARG_IntToStr_output+1 
0x08C8	0xDE14      	RCALL       _IntToStr
;Codigo_6.c,75 :: 		Lcd_Cmd(_LCD_CLEAR);
0x08CA	0x0E01      	MOVLW       1
0x08CC	0x6E46      	MOVWF       FARG_Lcd_Cmd_out_char 
0x08CE	0xF000EC54  	CALL        _Lcd_Cmd, 0
;Codigo_6.c,77 :: 		Ltrim(pot1_string); //remove espaos em branco a esquerda
0x08D2	0x0E24      	MOVLW       _pot1_string
0x08D4	0x6E35      	MOVWF       FARG_Ltrim_string 
0x08D6	0x0E00      	MOVLW       hi_addr(_pot1_string)
0x08D8	0x6E36      	MOVWF       FARG_Ltrim_string+1 
0x08DA	0xDD82      	RCALL       _Ltrim
;Codigo_6.c,78 :: 		Lcd_Out(1,1, "T_E:");
0x08DC	0x0E01      	MOVLW       1
0x08DE	0x6E35      	MOVWF       FARG_Lcd_Out_row 
0x08E0	0x0E01      	MOVLW       1
0x08E2	0x6E36      	MOVWF       FARG_Lcd_Out_column 
0x08E4	0x0E19      	MOVLW       ?lstr1_Codigo_6
0x08E6	0x6E37      	MOVWF       FARG_Lcd_Out_text 
0x08E8	0x0E00      	MOVLW       hi_addr(?lstr1_Codigo_6)
0x08EA	0x6E38      	MOVWF       FARG_Lcd_Out_text+1 
0x08EC	0xDDB0      	RCALL       _Lcd_Out
;Codigo_6.c,79 :: 		Lcd_Out_Cp(pot1_string);
0x08EE	0x0E24      	MOVLW       _pot1_string
0x08F0	0x6E35      	MOVWF       FARG_Lcd_Out_CP_text 
0x08F2	0x0E00      	MOVLW       hi_addr(_pot1_string)
0x08F4	0x6E36      	MOVWF       FARG_Lcd_Out_CP_text+1 
0x08F6	0xDDE8      	RCALL       _Lcd_Out_CP
;Codigo_6.c,82 :: 		Ltrim(char_duty_cycle); //remove espaos em branco a esquerda
0x08F8	0x0E2C      	MOVLW       _char_duty_cycle
0x08FA	0x6E35      	MOVWF       FARG_Ltrim_string 
0x08FC	0x0E00      	MOVLW       hi_addr(_char_duty_cycle)
0x08FE	0x6E36      	MOVWF       FARG_Ltrim_string+1 
0x0900	0xDD6F      	RCALL       _Ltrim
;Codigo_6.c,83 :: 		Lcd_Out(2,1, "D_C:");
0x0902	0x0E02      	MOVLW       2
0x0904	0x6E35      	MOVWF       FARG_Lcd_Out_row 
0x0906	0x0E01      	MOVLW       1
0x0908	0x6E36      	MOVWF       FARG_Lcd_Out_column 
0x090A	0x0E1F      	MOVLW       ?lstr2_Codigo_6
0x090C	0x6E37      	MOVWF       FARG_Lcd_Out_text 
0x090E	0x0E00      	MOVLW       hi_addr(?lstr2_Codigo_6)
0x0910	0x6E38      	MOVWF       FARG_Lcd_Out_text+1 
0x0912	0xDD9D      	RCALL       _Lcd_Out
;Codigo_6.c,84 :: 		Lcd_Out_Cp(char_duty_cycle);
0x0914	0x0E2C      	MOVLW       _char_duty_cycle
0x0916	0x6E35      	MOVWF       FARG_Lcd_Out_CP_text 
0x0918	0x0E00      	MOVLW       hi_addr(_char_duty_cycle)
0x091A	0x6E36      	MOVWF       FARG_Lcd_Out_CP_text+1 
0x091C	0xDDD5      	RCALL       _Lcd_Out_CP
;Codigo_6.c,95 :: 		if (pot1 > 231){ //led 0
0x091E	0x0E00      	MOVLW       0
0x0920	0x6E00      	MOVWF       R0 
0x0922	0x5018      	MOVF        _pot1+1, 0 
0x0924	0x5C00      	SUBWF       R0, 0 
0x0926	0xE102      	BNZ         L__main20
0x0928	0x5017      	MOVF        _pot1, 0 
0x092A	0x08E7      	SUBLW       231
L__main20:
0x092C	0xE256      	BC          L_main2
;Codigo_6.c,96 :: 		TRISB.RB0 = 1; //acende led
0x092E	0x8093      	BSF         TRISB, 0 
;Codigo_6.c,97 :: 		if (pot1 > 330){
0x0930	0x5018      	MOVF        _pot1+1, 0 
0x0932	0x0801      	SUBLW       1
0x0934	0xE102      	BNZ         L__main21
0x0936	0x5017      	MOVF        _pot1, 0 
0x0938	0x084A      	SUBLW       74
L__main21:
0x093A	0xE247      	BC          L_main3
;Codigo_6.c,98 :: 		TRISB.RB1 = 1; //acende led
0x093C	0x8293      	BSF         TRISB, 1 
;Codigo_6.c,99 :: 		if (pot1 > 429){
0x093E	0x5018      	MOVF        _pot1+1, 0 
0x0940	0x0801      	SUBLW       1
0x0942	0xE102      	BNZ         L__main22
0x0944	0x5017      	MOVF        _pot1, 0 
0x0946	0x08AD      	SUBLW       173
L__main22:
0x0948	0xE239      	BC          L_main4
;Codigo_6.c,100 :: 		TRISB.RB2 = 1; //acende led
0x094A	0x8493      	BSF         TRISB, 2 
;Codigo_6.c,101 :: 		if (pot1 > 528){
0x094C	0x5018      	MOVF        _pot1+1, 0 
0x094E	0x0802      	SUBLW       2
0x0950	0xE102      	BNZ         L__main23
0x0952	0x5017      	MOVF        _pot1, 0 
0x0954	0x0810      	SUBLW       16
L__main23:
0x0956	0xE22C      	BC          L_main5
;Codigo_6.c,102 :: 		TRISB.RB3 = 1; //acende led
0x0958	0x8693      	BSF         TRISB, 3 
;Codigo_6.c,103 :: 		if (pot1 > 627){
0x095A	0x5018      	MOVF        _pot1+1, 0 
0x095C	0x0802      	SUBLW       2
0x095E	0xE102      	BNZ         L__main24
0x0960	0x5017      	MOVF        _pot1, 0 
0x0962	0x0873      	SUBLW       115
L__main24:
0x0964	0xE220      	BC          L_main6
;Codigo_6.c,104 :: 		TRISB.RB4 = 1; //acende led
0x0966	0x8893      	BSF         TRISB, 4 
;Codigo_6.c,105 :: 		if (pot1 > 726){
0x0968	0x5018      	MOVF        _pot1+1, 0 
0x096A	0x0802      	SUBLW       2
0x096C	0xE102      	BNZ         L__main25
0x096E	0x5017      	MOVF        _pot1, 0 
0x0970	0x08D6      	SUBLW       214
L__main25:
0x0972	0xE215      	BC          L_main7
;Codigo_6.c,106 :: 		TRISB.RB5 = 1; //acende led
0x0974	0x8A93      	BSF         TRISB, 5 
;Codigo_6.c,107 :: 		if (pot1 > 825){
0x0976	0x5018      	MOVF        _pot1+1, 0 
0x0978	0x0803      	SUBLW       3
0x097A	0xE102      	BNZ         L__main26
0x097C	0x5017      	MOVF        _pot1, 0 
0x097E	0x0839      	SUBLW       57
L__main26:
0x0980	0xE20B      	BC          L_main8
;Codigo_6.c,108 :: 		TRISB.RB6 = 1; //acende led
0x0982	0x8C93      	BSF         TRISB, 6 
;Codigo_6.c,109 :: 		if (pot1 > 924){
0x0984	0x5018      	MOVF        _pot1+1, 0 
0x0986	0x0803      	SUBLW       3
0x0988	0xE102      	BNZ         L__main27
0x098A	0x5017      	MOVF        _pot1, 0 
0x098C	0x089C      	SUBLW       156
L__main27:
0x098E	0xE202      	BC          L_main9
;Codigo_6.c,110 :: 		TRISB.RB7 = 1; //acende led
0x0990	0x8E93      	BSF         TRISB, 7 
;Codigo_6.c,111 :: 		}
0x0992	0xD001      	BRA         L_main10
L_main9:
;Codigo_6.c,113 :: 		TRISB.RB7 = 0;
0x0994	0x9E93      	BCF         TRISB, 7 
;Codigo_6.c,114 :: 		}
L_main10:
;Codigo_6.c,115 :: 		}
0x0996	0xD002      	BRA         L_main11
L_main8:
;Codigo_6.c,117 :: 		TRISB.RB6 = 0;
0x0998	0x9C93      	BCF         TRISB, 6 
;Codigo_6.c,118 :: 		TRISB.RB7 = 0;
0x099A	0x9E93      	BCF         TRISB, 7 
;Codigo_6.c,119 :: 		}
L_main11:
;Codigo_6.c,120 :: 		}
0x099C	0xD003      	BRA         L_main12
L_main7:
;Codigo_6.c,122 :: 		TRISB.RB5 = 0;
0x099E	0x9A93      	BCF         TRISB, 5 
;Codigo_6.c,123 :: 		TRISB.RB6 = 0;
0x09A0	0x9C93      	BCF         TRISB, 6 
;Codigo_6.c,124 :: 		TRISB.RB7 = 0;
0x09A2	0x9E93      	BCF         TRISB, 7 
;Codigo_6.c,125 :: 		}
L_main12:
;Codigo_6.c,126 :: 		}
0x09A4	0xD004      	BRA         L_main13
L_main6:
;Codigo_6.c,128 :: 		TRISB.RB4 = 0;
0x09A6	0x9893      	BCF         TRISB, 4 
;Codigo_6.c,129 :: 		TRISB.RB5 = 0;
0x09A8	0x9A93      	BCF         TRISB, 5 
;Codigo_6.c,130 :: 		TRISB.RB6 = 0;
0x09AA	0x9C93      	BCF         TRISB, 6 
;Codigo_6.c,131 :: 		TRISB.RB7 = 0;
0x09AC	0x9E93      	BCF         TRISB, 7 
;Codigo_6.c,132 :: 		}
L_main13:
;Codigo_6.c,133 :: 		}
0x09AE	0xD005      	BRA         L_main14
L_main5:
;Codigo_6.c,135 :: 		TRISB.RB3 = 0;
0x09B0	0x9693      	BCF         TRISB, 3 
;Codigo_6.c,136 :: 		TRISB.RB4 = 0;
0x09B2	0x9893      	BCF         TRISB, 4 
;Codigo_6.c,137 :: 		TRISB.RB5 = 0;
0x09B4	0x9A93      	BCF         TRISB, 5 
;Codigo_6.c,138 :: 		TRISB.RB6 = 0;
0x09B6	0x9C93      	BCF         TRISB, 6 
;Codigo_6.c,139 :: 		TRISB.RB7 = 0;
0x09B8	0x9E93      	BCF         TRISB, 7 
;Codigo_6.c,140 :: 		}
L_main14:
;Codigo_6.c,141 :: 		}
0x09BA	0xD006      	BRA         L_main15
L_main4:
;Codigo_6.c,143 :: 		TRISB.RB2 = 0;
0x09BC	0x9493      	BCF         TRISB, 2 
;Codigo_6.c,144 :: 		TRISB.RB3 = 0;
0x09BE	0x9693      	BCF         TRISB, 3 
;Codigo_6.c,145 :: 		TRISB.RB4 = 0;
0x09C0	0x9893      	BCF         TRISB, 4 
;Codigo_6.c,146 :: 		TRISB.RB5 = 0;
0x09C2	0x9A93      	BCF         TRISB, 5 
;Codigo_6.c,147 :: 		TRISB.RB6 = 0;
0x09C4	0x9C93      	BCF         TRISB, 6 
;Codigo_6.c,148 :: 		TRISB.RB7 = 0;
0x09C6	0x9E93      	BCF         TRISB, 7 
;Codigo_6.c,149 :: 		}
L_main15:
;Codigo_6.c,150 :: 		}
0x09C8	0xD007      	BRA         L_main16
L_main3:
;Codigo_6.c,152 :: 		TRISB.RB1 = 0;
0x09CA	0x9293      	BCF         TRISB, 1 
;Codigo_6.c,153 :: 		TRISB.RB2 = 0;
0x09CC	0x9493      	BCF         TRISB, 2 
;Codigo_6.c,154 :: 		TRISB.RB3 = 0;
0x09CE	0x9693      	BCF         TRISB, 3 
;Codigo_6.c,155 :: 		TRISB.RB4 = 0;
0x09D0	0x9893      	BCF         TRISB, 4 
;Codigo_6.c,156 :: 		TRISB.RB5 = 0;
0x09D2	0x9A93      	BCF         TRISB, 5 
;Codigo_6.c,157 :: 		TRISB.RB6 = 0;
0x09D4	0x9C93      	BCF         TRISB, 6 
;Codigo_6.c,158 :: 		TRISB.RB7 = 0;
0x09D6	0x9E93      	BCF         TRISB, 7 
;Codigo_6.c,159 :: 		}
L_main16:
;Codigo_6.c,160 :: 		}
0x09D8	0xD008      	BRA         L_main17
L_main2:
;Codigo_6.c,162 :: 		TRISB.RB0 = 0;
0x09DA	0x9093      	BCF         TRISB, 0 
;Codigo_6.c,163 :: 		TRISB.RB1 = 0;
0x09DC	0x9293      	BCF         TRISB, 1 
;Codigo_6.c,164 :: 		TRISB.RB2 = 0;
0x09DE	0x9493      	BCF         TRISB, 2 
;Codigo_6.c,165 :: 		TRISB.RB3 = 0;
0x09E0	0x9693      	BCF         TRISB, 3 
;Codigo_6.c,166 :: 		TRISB.RB4 = 0;
0x09E2	0x9893      	BCF         TRISB, 4 
;Codigo_6.c,167 :: 		TRISB.RB5 = 0;
0x09E4	0x9A93      	BCF         TRISB, 5 
;Codigo_6.c,168 :: 		TRISB.RB6 = 0;
0x09E6	0x9C93      	BCF         TRISB, 6 
;Codigo_6.c,169 :: 		TRISB.RB7 = 0;
0x09E8	0x9E93      	BCF         TRISB, 7 
;Codigo_6.c,170 :: 		}
L_main17:
;Codigo_6.c,174 :: 		delay_ms(100);// AGUARDA 0,1 s
0x09EA	0x0E02      	MOVLW       2
0x09EC	0x6E0B      	MOVWF       R11, 0
0x09EE	0x0E04      	MOVLW       4
0x09F0	0x6E0C      	MOVWF       R12, 0
0x09F2	0x0EBA      	MOVLW       186
0x09F4	0x6E0D      	MOVWF       R13, 0
L_main18:
0x09F6	0x2E0D      	DECFSZ      R13, 1, 0
0x09F8	0xD7FE      	BRA         L_main18
0x09FA	0x2E0C      	DECFSZ      R12, 1, 0
0x09FC	0xD7FC      	BRA         L_main18
0x09FE	0x2E0B      	DECFSZ      R11, 1, 0
0x0A00	0xD7FA      	BRA         L_main18
0x0A02	0x0000      	NOP
;Codigo_6.c,175 :: 		}
0x0A04	0xD738      	BRA         L_main0
;Codigo_6.c,176 :: 		}
L_end_main:
0x0A06	0xD7FF      	BRA         $+0
; end of _main
0x0A18	0xF015EE10  	LFSR        1, 21
0x0A1C	0x0E0F      	MOVLW       15
0x0A1E	0x6E00      	MOVWF       R0 
0x0A20	0x0E01      	MOVLW       1
0x0A22	0x6E01      	MOVWF       R1 
0x0A24	0x0E08      	MOVLW       8
0x0A26	0x6EF6      	MOVWF       TBLPTR 
0x0A28	0x0E0A      	MOVLW       10
0x0A2A	0x6EF7      	MOVWF       TBLPTRH 
0x0A2C	0x0E00      	MOVLW       0
0x0A2E	0x6EF8      	MOVWF       TBLPTRU 
0x0A30	0xF001EC79  	CALL        754, 0
0x0A34	0x0012      	RETURN      0
;Codigo_6.c,0 :: ?ICS_duty_cycle
0x0A08	0x0000 ;?ICS_duty_cycle+0
; end of ?ICS_duty_cycle
;Codigo_6.c,0 :: ?ICS_pot1
0x0A0A	0x0000 ;?ICS_pot1+0
; end of ?ICS_pot1
;Codigo_6.c,0 :: ?ICS?lstr1_Codigo_6
0x0A0C	0x5F54 ;?ICS?lstr1_Codigo_6+0
0x0A0E	0x3A45 ;?ICS?lstr1_Codigo_6+2
0x0A10	0x00 ;?ICS?lstr1_Codigo_6+4
; end of ?ICS?lstr1_Codigo_6
;__Lib_ADC_A_D.c,0 :: ?ICS_vref_mask
0x0A11	0x30 ;?ICS_vref_mask+0
; end of ?ICS_vref_mask
;Codigo_6.c,0 :: ?ICS?lstr2_Codigo_6
0x0A12	0x5F44 ;?ICS?lstr2_Codigo_6+0
0x0A14	0x3A43 ;?ICS?lstr2_Codigo_6+2
0x0A16	0x00 ;?ICS?lstr2_Codigo_6+4
; end of ?ICS?lstr2_Codigo_6
Symbol List:
//** Routines locations **
//ADDRESS    SIZE    PROCEDURE
//----------------------------------------------
0x001C      [22]    _Delay_5500us
0x0032       [6]    _Delay_1us
0x0038      [10]    _Delay_50us
0x0042      [26]    _SETFUN32
0x005C      [54]    _Div_16X16_U
0x0092       [8]    _FIXSIGN32
0x009A      [14]    _RES032
0x00A8     [124]    _Lcd_Cmd
0x0124      [80]    _Mul_16X16_U
0x0174      [28]    _SETIOV3224
0x0190      [12]    _Delay_22us
0x019C     [144]    _WordToStr
0x022C      [12]    _Lcd_Chr_CP
0x0238     [114]    _NRM3232
0x02AA      [24]    _SETFOV32
0x02C2      [40]    _word2double
0x02EA       [8]    _PWM1_Init
0x02F2      [16]    ___CC2DW
0x0302      [10]    _PWM1_Start
0x030C      [62]    _ADC_Read
0x034A     [150]    _Lcd_Init
0x03E0     [110]    _Ltrim
0x044E     [122]    _Lcd_Out
0x04C8      [42]    _Lcd_Out_CP
0x04F2     [216]    _IntToStr
0x05CA     [288]    _Mul_32x32_FP
0x06EA     [218]    _double2word
0x07C4     [108]    _PWM1_Set_Duty
0x0830     [472]    _main
//** Variables locations ** 
//ADDRESS    SIZE    VARIABLE
//----------------------------------------------
0x0000       [1]    R0
0x0001       [1]    __Lib_Conversions_Adjust_Hex_tmp_L0
0x0001       [1]    R1
0x0002       [2]    memcpy_dd_L0
0x0002       [2]    memchr_s_L0
0x0002       [2]    strlen_cp_L0
0x0002       [1]    R2
0x0002       [2]    memset_pp_L0
0x0003       [2]    memmove_tt_L0
0x0003       [1]    R3
0x0003       [2]    Ltrim_original_L0
0x0004       [2]    memcpy_ss_L0
0x0004       [2]    strncat_cp_L0
0x0004       [2]    strcat_cp_L0
0x0004       [2]    strcpy_cp_L0
0x0004       [1]    R4
0x0004       [2]    strncpy_cp_L0
0x0005       [1]    R5
0x0005       [2]    LongWordToHex_input_half_L0
0x0005       [2]    memmove_ff_L0
0x0005       [2]    Ltrim_p_L0
0x0005       [2]    LongIntToHex_input_half_L0
0x0006       [1]    R6
0x0007       [1]    R7
0x0008       [1]    R8
0x0009       [1]    R9
0x000A       [1]    R10
0x000B       [1]    R11
0x000C       [1]    R12
0x000D       [1]    R13
0x000E       [1]    R14
0x000F       [1]    R15
0x0010       [1]    R16
0x0011       [1]    R17
0x0012       [1]    R18
0x0013       [1]    R19
0x0014       [1]    R20
0x0015       [2]    _duty_cycle
0x0017       [2]    _pot1
0x0019       [5]    ?lstr1_Codigo_6
0x001E       [1]    _vref_mask
0x001F       [5]    ?lstr2_Codigo_6
0x0024       [8]    _pot1_string
0x002C       [8]    _char_duty_cycle
0x0034       [0]    __Lib_Lcd_cmd_status
0x0035       [4]    FARG_PWM1_Init_PWM_Freq
0x0035       [2]    FARG_Lcd_Out_CP_text
0x0035       [1]    FARG_Lcd_Out_row
0x0035       [2]    FARG_IntToStr_input
0x0035       [2]    FARG_Ltrim_string
0x0035       [1]    FARG_PWM1_Set_Duty_new_duty
0x0035       [1]    FARG_ADC_Read_channel
0x0036       [1]    FARG_Lcd_Out_column
0x0037       [2]    Ltrim_trimmed_L0
0x0037       [2]    FARG_Lcd_Out_text
0x0037       [2]    FARG_IntToStr_output
0x0037       [1]    Lcd_Out_CP_i_L0
0x0039       [2]    IntToStr_i_L0
0x0039       [1]    Lcd_Out_i_L0
0x003B       [2]    IntToStr_negative_L0
0x003D       [2]    IntToStr_inword_L0
0x003F       [1]    FARG_Lcd_Chr_CP_out_char
0x003F       [2]    FARG_WordToStr_input
0x0041       [2]    FARG_WordToStr_output
0x0043       [1]    WordToStr_len_L0
0x0044       [2]    FLOC__WordToStr
0x0046       [1]    FARG_Lcd_Cmd_out_char
0x0F80       [1]    PORTA
0x0F83       [0]    RD7_bit
0x0F83       [0]    RD6_bit
0x0F83       [0]    RD5_bit
0x0F83       [0]    RD4_bit
0x0F83       [0]    LCD_D7
0x0F83       [0]    LCD_D6
0x0F83       [0]    LCD_D4
0x0F83       [0]    LCD_D5
0x0F84       [0]    RE2_bit
0x0F84       [0]    RE1_bit
0x0F84       [0]    LCD_RS
0x0F84       [0]    LCD_EN
0x0F92       [1]    TRISA
0x0F93       [1]    TRISB
0x0F94       [0]    TRISC2_bit
0x0F95       [0]    LCD_D7_Direction
0x0F95       [0]    TRISD5_bit
0x0F95       [0]    LCD_D6_Direction
0x0F95       [0]    LCD_D4_Direction
0x0F95       [0]    TRISD7_bit
0x0F95       [0]    TRISD4_bit
0x0F95       [0]    TRISD6_bit
0x0F95       [0]    LCD_D5_Direction
0x0F96       [0]    LCD_EN_Direction
0x0F96       [0]    LCD_RS_Direction
0x0F96       [0]    TRISE1_bit
0x0F96       [0]    TRISE2_bit
0x0FB4       [1]    CMCON
0x0FBD       [1]    CCP1CON
0x0FBE       [1]    CCPR1L
0x0FC0       [1]    ADCON2
0x0FC1       [1]    ADCON1
0x0FC2       [1]    ADCON0
0x0FC3       [1]    ADRESL
0x0FC4       [1]    ADRESH
0x0FCA       [1]    T2CON
0x0FCB       [1]    PR2
0x0FD8       [1]    STATUS
0x0FD9       [1]    FSR2L
0x0FDA       [1]    FSR2H
0x0FDE       [1]    POSTINC2
0x0FE0       [1]    BSR
0x0FE1       [1]    FSR1L
0x0FE2       [1]    FSR1H
0x0FE4       [1]    PREINC1
0x0FE6       [1]    POSTINC1
0x0FE7       [1]    INDF1
0x0FE8       [1]    WREG
0x0FE9       [1]    FSR0L
0x0FEA       [1]    FSR0H
0x0FEE       [1]    POSTINC0
0x0FF3       [1]    PRODL
0x0FF4       [1]    PRODH
0x0FF5       [1]    TABLAT
0x0FF6       [3]    TBLPTR
0x0FF6       [1]    TBLPTRL
0x0FF7       [1]    TBLPTRH
0x0FF8       [1]    TBLPTRU
//** Constants locations ** 
//ADDRESS    SIZE    CONSTANT
//----------------------------------------------
0x0A08       [2]    ?ICS_duty_cycle
0x0A0A       [2]    ?ICS_pot1
0x0A0C       [5]    ?ICS?lstr1_Codigo_6
0x0A11       [1]    ?ICS_vref_mask
0x0A12       [5]    ?ICS?lstr2_Codigo_6
